{"/home/travis/build/npmtest/node-npmtest-voxel/test.js":{"path":"/home/travis/build/npmtest/node-npmtest-voxel/test.js","s":{"1":2,"2":2,"3":2,"4":2,"5":2,"6":2,"7":2,"8":1,"9":2,"10":2,"11":1,"12":1,"13":1,"14":1,"15":2,"16":2,"17":2,"18":2,"19":1,"20":1,"21":2,"22":2,"23":2,"24":1,"25":1,"26":1,"27":1,"28":1,"29":1,"30":1,"31":1,"32":1,"33":1,"34":1,"35":1,"36":1,"37":1,"38":1,"39":2,"40":2,"41":1,"42":2,"43":2,"44":1,"45":2,"46":2,"47":1,"48":2,"49":2,"50":1,"51":1,"52":1,"53":1,"54":1},"b":{"1":[2,1,1,1],"2":[1,1,1,1],"3":[1,1],"4":[1,1],"5":[1,1],"6":[1,1],"7":[1,1],"8":[1,1],"9":[1,1],"10":[1,1,1],"11":[1,1],"12":[1,1],"13":[1,1],"14":[1,1],"15":[1,1],"16":[1,1],"17":[1,1]},"f":{"1":2,"2":2,"3":2,"4":2,"5":2,"6":1,"7":1,"8":1,"9":2,"10":2,"11":2,"12":2,"13":1},"fnMap":{"1":{"name":"(anonymous_1)","line":12,"loc":{"start":{"line":12,"column":1},"end":{"line":12,"column":13}}},"2":{"name":"(anonymous_2)","line":19,"loc":{"start":{"line":19,"column":5},"end":{"line":19,"column":17}}},"3":{"name":"(anonymous_3)","line":23,"loc":{"start":{"line":23,"column":24},"end":{"line":23,"column":36}}},"4":{"name":"(anonymous_4)","line":61,"loc":{"start":{"line":61,"column":5},"end":{"line":61,"column":17}}},"5":{"name":"(anonymous_5)","line":82,"loc":{"start":{"line":82,"column":5},"end":{"line":82,"column":17}}},"6":{"name":"(anonymous_6)","line":91,"loc":{"start":{"line":91,"column":77},"end":{"line":94,"column":10}}},"7":{"name":"(anonymous_7)","line":112,"loc":{"start":{"line":112,"column":83},"end":{"line":115,"column":10}},"skip":true},"8":{"name":"(anonymous_8)","line":123,"loc":{"start":{"line":123,"column":77},"end":{"line":126,"column":10}},"skip":true},"9":{"name":"(anonymous_9)","line":139,"loc":{"start":{"line":139,"column":12},"end":{"line":139,"column":40}},"skip":true},"10":{"name":"(anonymous_10)","line":147,"loc":{"start":{"line":147,"column":77},"end":{"line":150,"column":10}},"skip":true},"11":{"name":"(anonymous_11)","line":158,"loc":{"start":{"line":158,"column":83},"end":{"line":161,"column":10}},"skip":true},"12":{"name":"(anonymous_12)","line":169,"loc":{"start":{"line":169,"column":79},"end":{"line":172,"column":10}},"skip":true},"13":{"name":"(anonymous_13)","line":180,"loc":{"start":{"line":180,"column":75},"end":{"line":183,"column":10}},"skip":true}},"statementMap":{"1":{"start":{"line":12,"column":0},"end":{"line":195,"column":5}},"2":{"start":{"line":14,"column":4},"end":{"line":14,"column":14}},"3":{"start":{"line":19,"column":4},"end":{"line":56,"column":9}},"4":{"start":{"line":21,"column":8},"end":{"line":21,"column":19}},"5":{"start":{"line":23,"column":8},"end":{"line":35,"column":13}},"6":{"start":{"line":24,"column":12},"end":{"line":34,"column":13}},"7":{"start":{"line":25,"column":16},"end":{"line":28,"column":30}},"8":{"start":{"line":30,"column":16},"end":{"line":33,"column":27}},"9":{"start":{"line":37,"column":8},"end":{"line":39,"column":21}},"10":{"start":{"line":40,"column":8},"end":{"line":53,"column":9}},"11":{"start":{"line":43,"column":12},"end":{"line":46,"column":14}},"12":{"start":{"line":47,"column":12},"end":{"line":47,"column":18}},"13":{"start":{"line":50,"column":12},"end":{"line":51,"column":46}},"14":{"start":{"line":52,"column":12},"end":{"line":52,"column":18}},"15":{"start":{"line":55,"column":8},"end":{"line":55,"column":35}},"16":{"start":{"line":61,"column":4},"end":{"line":63,"column":9}},"17":{"start":{"line":62,"column":8},"end":{"line":62,"column":15}},"18":{"start":{"line":64,"column":4},"end":{"line":77,"column":5}},"19":{"start":{"line":70,"column":8},"end":{"line":70,"column":14}},"20":{"start":{"line":76,"column":8},"end":{"line":76,"column":14}},"21":{"start":{"line":82,"column":4},"end":{"line":84,"column":9}},"22":{"start":{"line":83,"column":8},"end":{"line":83,"column":15}},"23":{"start":{"line":85,"column":4},"end":{"line":194,"column":5}},"24":{"start":{"line":91,"column":8},"end":{"line":99,"column":10}},"25":{"start":{"line":98,"column":12},"end":{"line":98,"column":35}},"26":{"start":{"line":102,"column":8},"end":{"line":104,"column":63}},"27":{"start":{"line":105,"column":8},"end":{"line":105,"column":14}},"28":{"start":{"line":112,"column":8},"end":{"line":121,"column":10},"skip":true},"29":{"start":{"line":119,"column":12},"end":{"line":119,"column":55},"skip":true},"30":{"start":{"line":120,"column":12},"end":{"line":120,"column":48},"skip":true},"31":{"start":{"line":123,"column":8},"end":{"line":136,"column":10},"skip":true},"32":{"start":{"line":130,"column":12},"end":{"line":130,"column":76},"skip":true},"33":{"start":{"line":131,"column":12},"end":{"line":131,"column":73},"skip":true},"34":{"start":{"line":132,"column":12},"end":{"line":132,"column":74},"skip":true},"35":{"start":{"line":133,"column":12},"end":{"line":133,"column":79},"skip":true},"36":{"start":{"line":134,"column":12},"end":{"line":134,"column":25},"skip":true},"37":{"start":{"line":135,"column":12},"end":{"line":135,"column":45},"skip":true},"38":{"start":{"line":138,"column":8},"end":{"line":145,"column":14},"skip":true},"39":{"start":{"line":143,"column":16},"end":{"line":143,"column":29},"skip":true},"40":{"start":{"line":144,"column":16},"end":{"line":144,"column":55},"skip":true},"41":{"start":{"line":147,"column":8},"end":{"line":156,"column":10},"skip":true},"42":{"start":{"line":154,"column":12},"end":{"line":154,"column":25},"skip":true},"43":{"start":{"line":155,"column":12},"end":{"line":155,"column":45},"skip":true},"44":{"start":{"line":158,"column":8},"end":{"line":167,"column":10},"skip":true},"45":{"start":{"line":165,"column":12},"end":{"line":165,"column":25},"skip":true},"46":{"start":{"line":166,"column":12},"end":{"line":166,"column":48},"skip":true},"47":{"start":{"line":169,"column":8},"end":{"line":178,"column":10},"skip":true},"48":{"start":{"line":176,"column":12},"end":{"line":176,"column":25},"skip":true},"49":{"start":{"line":177,"column":12},"end":{"line":177,"column":46},"skip":true},"50":{"start":{"line":180,"column":8},"end":{"line":189,"column":10},"skip":true},"51":{"start":{"line":187,"column":12},"end":{"line":187,"column":94},"skip":true},"52":{"start":{"line":188,"column":12},"end":{"line":188,"column":48},"skip":true},"53":{"start":{"line":192,"column":8},"end":{"line":192,"column":35},"skip":true},"54":{"start":{"line":193,"column":8},"end":{"line":193,"column":14},"skip":true}},"branchMap":{"1":{"line":25,"type":"binary-expr","locations":[{"start":{"line":25,"column":23},"end":{"line":25,"column":62}},{"start":{"line":26,"column":20},"end":{"line":26,"column":70}},{"start":{"line":27,"column":20},"end":{"line":27,"column":71}},{"start":{"line":28,"column":20},"end":{"line":28,"column":29}}]},"2":{"line":30,"type":"binary-expr","locations":[{"start":{"line":30,"column":23},"end":{"line":30,"column":37}},{"start":{"line":31,"column":20},"end":{"line":31,"column":61}},{"start":{"line":32,"column":20},"end":{"line":32,"column":70}},{"start":{"line":33,"column":20},"end":{"line":33,"column":26}}]},"3":{"line":37,"type":"cond-expr","locations":[{"start":{"line":38,"column":14},"end":{"line":38,"column":20}},{"start":{"line":39,"column":14},"end":{"line":39,"column":20}}]},"4":{"line":40,"type":"switch","locations":[{"start":{"line":42,"column":8},"end":{"line":47,"column":18}},{"start":{"line":49,"column":8},"end":{"line":52,"column":18}}]},"5":{"line":44,"type":"binary-expr","locations":[{"start":{"line":44,"column":16},"end":{"line":44,"column":44}},{"start":{"line":44,"column":48},"end":{"line":44,"column":66}}]},"6":{"line":50,"type":"binary-expr","locations":[{"start":{"line":50,"column":21},"end":{"line":50,"column":49}},{"start":{"line":50,"column":53},"end":{"line":50,"column":72}}]},"7":{"line":64,"type":"switch","locations":[{"start":{"line":69,"column":4},"end":{"line":70,"column":14}},{"start":{"line":75,"column":4},"end":{"line":76,"column":14}}]},"8":{"line":85,"type":"switch","locations":[{"start":{"line":90,"column":4},"end":{"line":105,"column":14}},{"start":{"line":111,"column":4},"end":{"line":193,"column":14},"skip":true}]},"9":{"line":91,"type":"binary-expr","locations":[{"start":{"line":91,"column":42},"end":{"line":91,"column":73}},{"start":{"line":91,"column":77},"end":{"line":99,"column":9}}]},"10":{"line":102,"type":"binary-expr","locations":[{"start":{"line":102,"column":18},"end":{"line":102,"column":32}},{"start":{"line":103,"column":12},"end":{"line":103,"column":53}},{"start":{"line":104,"column":12},"end":{"line":104,"column":61}}]},"11":{"line":112,"type":"binary-expr","locations":[{"start":{"line":112,"column":45},"end":{"line":112,"column":79},"skip":true},{"start":{"line":112,"column":83},"end":{"line":121,"column":9},"skip":true}]},"12":{"line":123,"type":"binary-expr","locations":[{"start":{"line":123,"column":42},"end":{"line":123,"column":73},"skip":true},{"start":{"line":123,"column":77},"end":{"line":136,"column":9},"skip":true}]},"13":{"line":138,"type":"binary-expr","locations":[{"start":{"line":138,"column":48},"end":{"line":138,"column":85},"skip":true},{"start":{"line":139,"column":12},"end":{"line":145,"column":13},"skip":true}]},"14":{"line":147,"type":"binary-expr","locations":[{"start":{"line":147,"column":42},"end":{"line":147,"column":73},"skip":true},{"start":{"line":147,"column":77},"end":{"line":156,"column":9},"skip":true}]},"15":{"line":158,"type":"binary-expr","locations":[{"start":{"line":158,"column":45},"end":{"line":158,"column":79},"skip":true},{"start":{"line":158,"column":83},"end":{"line":167,"column":9},"skip":true}]},"16":{"line":169,"type":"binary-expr","locations":[{"start":{"line":169,"column":43},"end":{"line":169,"column":75},"skip":true},{"start":{"line":169,"column":79},"end":{"line":178,"column":9},"skip":true}]},"17":{"line":180,"type":"binary-expr","locations":[{"start":{"line":180,"column":41},"end":{"line":180,"column":71},"skip":true},{"start":{"line":180,"column":75},"end":{"line":189,"column":9},"skip":true}]}},"code":["/* istanbul instrument in package npmtest_voxel */","/*jslint","    bitwise: true,","    browser: true,","    maxerr: 8,","    maxlen: 96,","    node: true,","    nomen: true,","    regexp: true,","    stupid: true","*/","(function () {","    'use strict';","    var local;","","","","    // run shared js-env code - pre-init","    (function () {","        // init local","        local = {};","        // init modeJs","        local.modeJs = (function () {","            try {","                return typeof navigator.userAgent === 'string' &&","                    typeof document.querySelector('body') === 'object' &&","                    typeof XMLHttpRequest.prototype.open === 'function' &&","                    'browser';","            } catch (errorCaughtBrowser) {","                return module.exports &&","                    typeof process.versions.node === 'string' &&","                    typeof require('http').createServer === 'function' &&","                    'node';","            }","        }());","        // init global","        local.global = local.modeJs === 'browser'","            ? window","            : global;","        switch (local.modeJs) {","        // re-init local from window.local","        case 'browser':","            local = local.global.utility2.objectSetDefault(","                local.global.utility2_rollup || local.global.local,","                local.global.utility2","            );","            break;","        // re-init local from example.js","        case 'node':","            local = (local.global.utility2_rollup || require('utility2'))","                .requireExampleJsFromReadme();","            break;","        }","        // export local","        local.global.local = local;","    }());","","","","    // run shared js-env code - function","    (function () {","        return;","    }());","    switch (local.modeJs) {","","","","    // run browser js-env code - function","    case 'browser':","        break;","","","","    // run node js-env code - function","    case 'node':","        break;","    }","","","","    // run shared js-env code - post-init","    (function () {","        return;","    }());","    switch (local.modeJs) {","","","","    // run browser js-env code - post-init","    case 'browser':","        local.testCase_browser_nullCase = local.testCase_browser_nullCase || function (","            options,","            onError","        ) {","        /*","         * this function will test browsers's null-case handling-behavior-behavior","         */","            onError(null, options);","        };","","        // run tests","        local.nop(local.modeTest &&","            document.querySelector('#testRunButton1') &&","            document.querySelector('#testRunButton1').click());","        break;","","","","    // run node js-env code - post-init","    /* istanbul ignore next */","    case 'node':","        local.testCase_buildApidoc_default = local.testCase_buildApidoc_default || function (","            options,","            onError","        ) {","        /*","         * this function will test buildApidoc's default handling-behavior-behavior","         */","            options = { modulePathList: module.paths };","            local.buildApidoc(options, onError);","        };","","        local.testCase_buildApp_default = local.testCase_buildApp_default || function (","            options,","            onError","        ) {","        /*","         * this function will test buildApp's default handling-behavior-behavior","         */","            local.testCase_buildReadme_default(options, local.onErrorThrow);","            local.testCase_buildLib_default(options, local.onErrorThrow);","            local.testCase_buildTest_default(options, local.onErrorThrow);","            local.testCase_buildCustomOrg_default(options, local.onErrorThrow);","            options = [];","            local.buildApp(options, onError);","        };","","        local.testCase_buildCustomOrg_default = local.testCase_buildCustomOrg_default ||","            function (options, onError) {","            /*","             * this function will test buildCustomOrg's default handling-behavior","             */","                options = {};","                local.buildCustomOrg(options, onError);","            };","","        local.testCase_buildLib_default = local.testCase_buildLib_default || function (","            options,","            onError","        ) {","        /*","         * this function will test buildLib's default handling-behavior","         */","            options = {};","            local.buildLib(options, onError);","        };","","        local.testCase_buildReadme_default = local.testCase_buildReadme_default || function (","            options,","            onError","        ) {","        /*","         * this function will test buildReadme's default handling-behavior-behavior","         */","            options = {};","            local.buildReadme(options, onError);","        };","","        local.testCase_buildTest_default = local.testCase_buildTest_default || function (","            options,","            onError","        ) {","        /*","         * this function will test buildTest's default handling-behavior","         */","            options = {};","            local.buildTest(options, onError);","        };","","        local.testCase_webpage_default = local.testCase_webpage_default || function (","            options,","            onError","        ) {","        /*","         * this function will test webpage's default handling-behavior","         */","            options = { modeCoverageMerge: true, url: local.serverLocalHost + '?modeTest=1' };","            local.browserTest(options, onError);","        };","","        // run test-server","        local.testRunServer(local);","        break;","    }","}());",""],"l":{"12":2,"14":2,"19":2,"21":2,"23":2,"24":2,"25":2,"30":1,"37":2,"40":2,"43":1,"47":1,"50":1,"52":1,"55":2,"61":2,"62":2,"64":2,"70":1,"76":1,"82":2,"83":2,"85":2,"91":1,"98":1,"102":1,"105":1,"112":1,"119":1,"120":1,"123":1,"130":1,"131":1,"132":1,"133":1,"134":1,"135":1,"138":1,"143":2,"144":2,"147":1,"154":2,"155":2,"158":1,"165":2,"166":2,"169":1,"176":2,"177":2,"180":1,"187":1,"188":1,"192":1,"193":1}},"/home/travis/build/npmtest/node-npmtest-voxel/lib.npmtest_voxel.js":{"path":"/home/travis/build/npmtest/node-npmtest-voxel/lib.npmtest_voxel.js","s":{"1":2,"2":2,"3":2,"4":2,"5":2,"6":2,"7":2,"8":1,"9":2,"10":2,"11":2,"12":2,"13":1,"14":1,"15":1,"16":1},"b":{"1":[2,1,1,1],"2":[1,1,1,1],"3":[1,1],"4":[2,2],"5":[1,1]},"f":{"1":2,"2":2,"3":2},"fnMap":{"1":{"name":"(anonymous_1)","line":12,"loc":{"start":{"line":12,"column":1},"end":{"line":12,"column":13}}},"2":{"name":"(anonymous_2)","line":19,"loc":{"start":{"line":19,"column":5},"end":{"line":19,"column":17}}},"3":{"name":"(anonymous_3)","line":23,"loc":{"start":{"line":23,"column":24},"end":{"line":23,"column":36}}}},"statementMap":{"1":{"start":{"line":12,"column":0},"end":{"line":53,"column":5}},"2":{"start":{"line":14,"column":4},"end":{"line":14,"column":14}},"3":{"start":{"line":19,"column":4},"end":{"line":52,"column":9}},"4":{"start":{"line":21,"column":8},"end":{"line":21,"column":19}},"5":{"start":{"line":23,"column":8},"end":{"line":35,"column":13}},"6":{"start":{"line":24,"column":12},"end":{"line":34,"column":13}},"7":{"start":{"line":25,"column":16},"end":{"line":28,"column":30}},"8":{"start":{"line":30,"column":16},"end":{"line":33,"column":27}},"9":{"start":{"line":37,"column":8},"end":{"line":39,"column":21}},"10":{"start":{"line":41,"column":8},"end":{"line":41,"column":54}},"11":{"start":{"line":43,"column":8},"end":{"line":43,"column":50}},"12":{"start":{"line":45,"column":8},"end":{"line":51,"column":9}},"13":{"start":{"line":46,"column":12},"end":{"line":46,"column":56}},"14":{"start":{"line":48,"column":12},"end":{"line":48,"column":35}},"15":{"start":{"line":49,"column":12},"end":{"line":49,"column":49}},"16":{"start":{"line":50,"column":12},"end":{"line":50,"column":43}}},"branchMap":{"1":{"line":25,"type":"binary-expr","locations":[{"start":{"line":25,"column":23},"end":{"line":25,"column":62}},{"start":{"line":26,"column":20},"end":{"line":26,"column":70}},{"start":{"line":27,"column":20},"end":{"line":27,"column":71}},{"start":{"line":28,"column":20},"end":{"line":28,"column":29}}]},"2":{"line":30,"type":"binary-expr","locations":[{"start":{"line":30,"column":23},"end":{"line":30,"column":37}},{"start":{"line":31,"column":20},"end":{"line":31,"column":61}},{"start":{"line":32,"column":20},"end":{"line":32,"column":70}},{"start":{"line":33,"column":20},"end":{"line":33,"column":26}}]},"3":{"line":37,"type":"cond-expr","locations":[{"start":{"line":38,"column":14},"end":{"line":38,"column":20}},{"start":{"line":39,"column":14},"end":{"line":39,"column":20}}]},"4":{"line":41,"type":"binary-expr","locations":[{"start":{"line":41,"column":16},"end":{"line":41,"column":44}},{"start":{"line":41,"column":48},"end":{"line":41,"column":53}}]},"5":{"line":45,"type":"if","locations":[{"start":{"line":45,"column":8},"end":{"line":45,"column":8}},{"start":{"line":45,"column":8},"end":{"line":45,"column":8}}]}},"code":["/* istanbul instrument in package npmtest_voxel */","/*jslint","    bitwise: true,","    browser: true,","    maxerr: 8,","    maxlen: 96,","    node: true,","    nomen: true,","    regexp: true,","    stupid: true","*/","(function () {","    'use strict';","    var local;","","","","    // run shared js-env code - pre-init","    (function () {","        // init local","        local = {};","        // init modeJs","        local.modeJs = (function () {","            try {","                return typeof navigator.userAgent === 'string' &&","                    typeof document.querySelector('body') === 'object' &&","                    typeof XMLHttpRequest.prototype.open === 'function' &&","                    'browser';","            } catch (errorCaughtBrowser) {","                return module.exports &&","                    typeof process.versions.node === 'string' &&","                    typeof require('http').createServer === 'function' &&","                    'node';","            }","        }());","        // init global","        local.global = local.modeJs === 'browser'","            ? window","            : global;","        // init utility2_rollup","        local = local.global.utility2_rollup || local;","        // init lib","        local.local = local.npmtest_voxel = local;","        // init exports","        if (local.modeJs === 'browser') {","            local.global.utility2_npmtest_voxel = local;","        } else {","            module.exports = local;","            module.exports.__dirname = __dirname;","            module.exports.module = module;","        }","    }());","}());",""],"l":{"12":2,"14":2,"19":2,"21":2,"23":2,"24":2,"25":2,"30":1,"37":2,"41":2,"43":2,"45":2,"46":1,"48":1,"49":1,"50":1}},"/home/travis/build/npmtest/node-npmtest-voxel/example.js":{"path":"/home/travis/build/npmtest/node-npmtest-voxel/example.js","s":{"1":2,"2":2,"3":2,"4":2,"5":2,"6":2,"7":2,"8":1,"9":2,"10":2,"11":2,"12":2,"13":1,"14":2,"15":2,"16":2,"17":2,"18":2,"19":0,"20":2,"21":1,"22":1,"23":1,"24":1,"25":1,"26":0,"27":0,"28":1,"29":1,"30":2,"31":0,"32":0,"33":0,"34":1,"35":2,"36":2,"37":3,"38":3,"39":3,"40":3,"41":0,"42":3,"43":3,"44":3,"45":1,"46":3,"47":1,"48":1,"49":1,"50":1,"51":1,"52":1,"53":1,"54":1,"55":1,"56":1,"57":0,"58":1,"59":6,"60":6,"61":1,"62":2,"63":0,"64":2,"65":1,"66":1,"67":0,"68":0,"69":0,"70":0,"71":0,"72":0,"73":0,"74":0,"75":0,"76":0,"77":0,"78":0,"79":0,"80":0,"81":0,"82":0,"83":0},"b":{"1":[2,1,1,1],"2":[1,1,1,1],"3":[1,1],"4":[2,2],"5":[1,1],"6":[1,1],"7":[2,0],"8":[2,1,1,1,1,1],"9":[0,2,0],"10":[1,1],"11":[2,1,1],"12":[1,0],"13":[0,2],"14":[2,0,0,0,0,0,0],"15":[0,3],"16":[3,0],"17":[1,1],"18":[0,1],"19":[1,2,0,2],"20":[1,0],"21":[1,1],"22":[0,0],"23":[0,0],"24":[0,0],"25":[0,0],"26":[0,0],"27":[0,0],"28":[0,0]},"f":{"1":2,"2":2,"3":2,"4":2,"5":2,"6":2,"7":3,"8":3,"9":3,"10":1,"11":6,"12":0},"fnMap":{"1":{"name":"(anonymous_1)","line":26,"loc":{"start":{"line":26,"column":1},"end":{"line":26,"column":13}}},"2":{"name":"(anonymous_2)","line":33,"loc":{"start":{"line":33,"column":5},"end":{"line":33,"column":17}}},"3":{"name":"(anonymous_3)","line":37,"loc":{"start":{"line":37,"column":24},"end":{"line":37,"column":36}}},"4":{"name":"(anonymous_4)","line":69,"loc":{"start":{"line":69,"column":31},"end":{"line":69,"column":48}},"skip":true},"5":{"name":"(anonymous_5)","line":78,"loc":{"start":{"line":78,"column":26},"end":{"line":78,"column":45}},"skip":true},"6":{"name":"(anonymous_6)","line":123,"loc":{"start":{"line":123,"column":33},"end":{"line":123,"column":48}},"skip":true},"7":{"name":"(anonymous_7)","line":125,"loc":{"start":{"line":125,"column":27},"end":{"line":125,"column":39}},"skip":true},"8":{"name":"(anonymous_8)","line":133,"loc":{"start":{"line":133,"column":59},"end":{"line":133,"column":74}},"skip":true},"9":{"name":"(anonymous_9)","line":143,"loc":{"start":{"line":143,"column":45},"end":{"line":143,"column":62}},"skip":true},"10":{"name":"(anonymous_10)","line":144,"loc":{"start":{"line":144,"column":73},"end":{"line":144,"column":92}},"skip":true},"11":{"name":"(anonymous_11)","line":272,"loc":{"start":{"line":272,"column":51},"end":{"line":272,"column":77}},"skip":true},"12":{"name":"(anonymous_12)","line":314,"loc":{"start":{"line":314,"column":32},"end":{"line":314,"column":61}},"skip":true}},"statementMap":{"1":{"start":{"line":26,"column":0},"end":{"line":325,"column":5}},"2":{"start":{"line":28,"column":4},"end":{"line":28,"column":14}},"3":{"start":{"line":33,"column":4},"end":{"line":60,"column":9}},"4":{"start":{"line":35,"column":8},"end":{"line":35,"column":19}},"5":{"start":{"line":37,"column":8},"end":{"line":49,"column":13}},"6":{"start":{"line":38,"column":12},"end":{"line":48,"column":13}},"7":{"start":{"line":39,"column":16},"end":{"line":42,"column":30}},"8":{"start":{"line":44,"column":16},"end":{"line":47,"column":27}},"9":{"start":{"line":51,"column":8},"end":{"line":53,"column":21}},"10":{"start":{"line":55,"column":8},"end":{"line":57,"column":45}},"11":{"start":{"line":59,"column":8},"end":{"line":59,"column":35}},"12":{"start":{"line":61,"column":4},"end":{"line":324,"column":5}},"13":{"start":{"line":69,"column":8},"end":{"line":121,"column":10},"skip":true},"14":{"start":{"line":70,"column":12},"end":{"line":88,"column":13},"skip":true},"15":{"start":{"line":76,"column":16},"end":{"line":87,"column":19},"skip":true},"16":{"start":{"line":79,"column":20},"end":{"line":86,"column":21},"skip":true},"17":{"start":{"line":82,"column":24},"end":{"line":82,"column":43},"skip":true},"18":{"start":{"line":83,"column":24},"end":{"line":83,"column":30},"skip":true},"19":{"start":{"line":85,"column":24},"end":{"line":85,"column":49},"skip":true},"20":{"start":{"line":89,"column":12},"end":{"line":107,"column":13},"skip":true},"21":{"start":{"line":92,"column":16},"end":{"line":102,"column":17},"skip":true},"22":{"start":{"line":93,"column":20},"end":{"line":93,"column":86},"skip":true},"23":{"start":{"line":94,"column":20},"end":{"line":95,"column":45},"skip":true},"24":{"start":{"line":96,"column":20},"end":{"line":96,"column":42},"skip":true},"25":{"start":{"line":97,"column":20},"end":{"line":97,"column":48},"skip":true},"26":{"start":{"line":100,"column":20},"end":{"line":100,"column":85},"skip":true},"27":{"start":{"line":101,"column":20},"end":{"line":101,"column":96},"skip":true},"28":{"start":{"line":103,"column":16},"end":{"line":103,"column":22},"skip":true},"29":{"start":{"line":106,"column":16},"end":{"line":106,"column":22},"skip":true},"30":{"start":{"line":108,"column":12},"end":{"line":120,"column":13},"skip":true},"31":{"start":{"line":114,"column":16},"end":{"line":119,"column":17},"skip":true},"32":{"start":{"line":116,"column":20},"end":{"line":116,"column":78},"skip":true},"33":{"start":{"line":118,"column":20},"end":{"line":118,"column":47},"skip":true},"34":{"start":{"line":123,"column":8},"end":{"line":141,"column":11},"skip":true},"35":{"start":{"line":124,"column":12},"end":{"line":124,"column":54},"skip":true},"36":{"start":{"line":125,"column":12},"end":{"line":140,"column":14},"skip":true},"37":{"start":{"line":126,"column":16},"end":{"line":126,"column":28},"skip":true},"38":{"start":{"line":127,"column":16},"end":{"line":127,"column":69},"skip":true},"39":{"start":{"line":128,"column":16},"end":{"line":128,"column":75},"skip":true},"40":{"start":{"line":129,"column":16},"end":{"line":131,"column":17},"skip":true},"41":{"start":{"line":130,"column":20},"end":{"line":130,"column":27},"skip":true},"42":{"start":{"line":133,"column":16},"end":{"line":137,"column":36},"skip":true},"43":{"start":{"line":134,"column":20},"end":{"line":136,"column":55},"skip":true},"44":{"start":{"line":139,"column":16},"end":{"line":139,"column":57},"skip":true},"45":{"start":{"line":143,"column":8},"end":{"line":147,"column":11},"skip":true},"46":{"start":{"line":144,"column":12},"end":{"line":146,"column":15},"skip":true},"47":{"start":{"line":145,"column":16},"end":{"line":145,"column":70},"skip":true},"48":{"start":{"line":149,"column":8},"end":{"line":149,"column":31},"skip":true},"49":{"start":{"line":150,"column":8},"end":{"line":150,"column":14},"skip":true},"50":{"start":{"line":158,"column":8},"end":{"line":158,"column":31},"skip":true},"51":{"start":{"line":160,"column":8},"end":{"line":160,"column":33},"skip":true},"52":{"start":{"line":161,"column":8},"end":{"line":161,"column":37},"skip":true},"53":{"start":{"line":162,"column":8},"end":{"line":162,"column":35},"skip":true},"54":{"start":{"line":164,"column":8},"end":{"line":164,"column":50},"skip":true},"55":{"start":{"line":166,"column":8},"end":{"line":256,"column":2},"skip":true},"56":{"start":{"line":258,"column":8},"end":{"line":286,"column":9},"skip":true},"57":{"start":{"line":259,"column":12},"end":{"line":269,"column":14},"skip":true},"58":{"start":{"line":271,"column":12},"end":{"line":285,"column":19},"skip":true},"59":{"start":{"line":274,"column":20},"end":{"line":274,"column":35},"skip":true},"60":{"start":{"line":275,"column":20},"end":{"line":284,"column":21},"skip":true},"61":{"start":{"line":277,"column":24},"end":{"line":277,"column":64},"skip":true},"62":{"start":{"line":279,"column":24},"end":{"line":279,"column":40},"skip":true},"63":{"start":{"line":281,"column":24},"end":{"line":281,"column":40},"skip":true},"64":{"start":{"line":283,"column":24},"end":{"line":283,"column":39},"skip":true},"65":{"start":{"line":288,"column":8},"end":{"line":290,"column":9},"skip":true},"66":{"start":{"line":289,"column":12},"end":{"line":289,"column":18},"skip":true},"67":{"start":{"line":291,"column":8},"end":{"line":293,"column":54},"skip":true},"68":{"start":{"line":294,"column":8},"end":{"line":301,"column":37},"skip":true},"69":{"start":{"line":302,"column":8},"end":{"line":302,"column":82},"skip":true},"70":{"start":{"line":305,"column":8},"end":{"line":307,"column":9},"skip":true},"71":{"start":{"line":306,"column":12},"end":{"line":306,"column":82},"skip":true},"72":{"start":{"line":309,"column":8},"end":{"line":311,"column":9},"skip":true},"73":{"start":{"line":310,"column":12},"end":{"line":310,"column":18},"skip":true},"74":{"start":{"line":312,"column":8},"end":{"line":312,"column":54},"skip":true},"75":{"start":{"line":313,"column":8},"end":{"line":313,"column":69},"skip":true},"76":{"start":{"line":314,"column":8},"end":{"line":322,"column":36},"skip":true},"77":{"start":{"line":315,"column":12},"end":{"line":315,"column":61},"skip":true},"78":{"start":{"line":316,"column":12},"end":{"line":319,"column":13},"skip":true},"79":{"start":{"line":317,"column":16},"end":{"line":317,"column":75},"skip":true},"80":{"start":{"line":318,"column":16},"end":{"line":318,"column":23},"skip":true},"81":{"start":{"line":320,"column":12},"end":{"line":320,"column":38},"skip":true},"82":{"start":{"line":321,"column":12},"end":{"line":321,"column":27},"skip":true},"83":{"start":{"line":323,"column":8},"end":{"line":323,"column":14},"skip":true}},"branchMap":{"1":{"line":39,"type":"binary-expr","locations":[{"start":{"line":39,"column":23},"end":{"line":39,"column":62}},{"start":{"line":40,"column":20},"end":{"line":40,"column":70}},{"start":{"line":41,"column":20},"end":{"line":41,"column":71}},{"start":{"line":42,"column":20},"end":{"line":42,"column":29}}]},"2":{"line":44,"type":"binary-expr","locations":[{"start":{"line":44,"column":23},"end":{"line":44,"column":37}},{"start":{"line":45,"column":20},"end":{"line":45,"column":61}},{"start":{"line":46,"column":20},"end":{"line":46,"column":70}},{"start":{"line":47,"column":20},"end":{"line":47,"column":26}}]},"3":{"line":51,"type":"cond-expr","locations":[{"start":{"line":52,"column":14},"end":{"line":52,"column":20}},{"start":{"line":53,"column":14},"end":{"line":53,"column":20}}]},"4":{"line":55,"type":"binary-expr","locations":[{"start":{"line":55,"column":16},"end":{"line":55,"column":44}},{"start":{"line":55,"column":49},"end":{"line":57,"column":43}}]},"5":{"line":55,"type":"cond-expr","locations":[{"start":{"line":56,"column":14},"end":{"line":56,"column":49}},{"start":{"line":57,"column":14},"end":{"line":57,"column":43}}]},"6":{"line":61,"type":"switch","locations":[{"start":{"line":68,"column":4},"end":{"line":150,"column":14},"skip":true},{"start":{"line":156,"column":4},"end":{"line":323,"column":14},"skip":true}]},"7":{"line":70,"type":"if","locations":[{"start":{"line":70,"column":12},"end":{"line":70,"column":12},"skip":true},{"start":{"line":70,"column":12},"end":{"line":70,"column":12},"skip":true}]},"8":{"line":70,"type":"binary-expr","locations":[{"start":{"line":70,"column":16},"end":{"line":70,"column":22},"skip":true},{"start":{"line":70,"column":27},"end":{"line":70,"column":32},"skip":true},{"start":{"line":71,"column":20},"end":{"line":71,"column":39},"skip":true},{"start":{"line":72,"column":20},"end":{"line":72,"column":49},"skip":true},{"start":{"line":73,"column":20},"end":{"line":73,"column":58},"skip":true},{"start":{"line":74,"column":20},"end":{"line":74,"column":69},"skip":true}]},"9":{"line":79,"type":"switch","locations":[{"start":{"line":80,"column":20},"end":{"line":80,"column":33},"skip":true},{"start":{"line":81,"column":20},"end":{"line":83,"column":30},"skip":true},{"start":{"line":84,"column":20},"end":{"line":85,"column":49},"skip":true}]},"10":{"line":89,"type":"switch","locations":[{"start":{"line":90,"column":12},"end":{"line":103,"column":22},"skip":true},{"start":{"line":105,"column":12},"end":{"line":106,"column":22},"skip":true}]},"11":{"line":89,"type":"binary-expr","locations":[{"start":{"line":89,"column":20},"end":{"line":89,"column":25},"skip":true},{"start":{"line":89,"column":29},"end":{"line":89,"column":48},"skip":true},{"start":{"line":89,"column":52},"end":{"line":89,"column":74},"skip":true}]},"12":{"line":92,"type":"if","locations":[{"start":{"line":92,"column":16},"end":{"line":92,"column":16},"skip":true},{"start":{"line":92,"column":16},"end":{"line":92,"column":16},"skip":true}]},"13":{"line":108,"type":"if","locations":[{"start":{"line":108,"column":12},"end":{"line":108,"column":12},"skip":true},{"start":{"line":108,"column":12},"end":{"line":108,"column":12},"skip":true}]},"14":{"line":108,"type":"binary-expr","locations":[{"start":{"line":108,"column":16},"end":{"line":108,"column":61},"skip":true},{"start":{"line":108,"column":66},"end":{"line":108,"column":72},"skip":true},{"start":{"line":108,"column":77},"end":{"line":108,"column":82},"skip":true},{"start":{"line":109,"column":20},"end":{"line":109,"column":39},"skip":true},{"start":{"line":110,"column":20},"end":{"line":110,"column":49},"skip":true},{"start":{"line":111,"column":20},"end":{"line":111,"column":58},"skip":true},{"start":{"line":112,"column":20},"end":{"line":112,"column":68},"skip":true}]},"15":{"line":129,"type":"if","locations":[{"start":{"line":129,"column":16},"end":{"line":129,"column":16},"skip":true},{"start":{"line":129,"column":16},"end":{"line":129,"column":16},"skip":true}]},"16":{"line":134,"type":"cond-expr","locations":[{"start":{"line":135,"column":26},"end":{"line":135,"column":29},"skip":true},{"start":{"line":136,"column":26},"end":{"line":136,"column":54},"skip":true}]},"17":{"line":164,"type":"binary-expr","locations":[{"start":{"line":164,"column":27},"end":{"line":164,"column":43},"skip":true},{"start":{"line":164,"column":47},"end":{"line":164,"column":49},"skip":true}]},"18":{"line":258,"type":"if","locations":[{"start":{"line":258,"column":8},"end":{"line":258,"column":8},"skip":true},{"start":{"line":258,"column":8},"end":{"line":258,"column":8},"skip":true}]},"19":{"line":275,"type":"switch","locations":[{"start":{"line":276,"column":20},"end":{"line":277,"column":64},"skip":true},{"start":{"line":278,"column":20},"end":{"line":279,"column":40},"skip":true},{"start":{"line":280,"column":20},"end":{"line":281,"column":40},"skip":true},{"start":{"line":282,"column":20},"end":{"line":283,"column":39},"skip":true}]},"20":{"line":288,"type":"if","locations":[{"start":{"line":288,"column":8},"end":{"line":288,"column":8},"skip":true},{"start":{"line":288,"column":8},"end":{"line":288,"column":8},"skip":true}]},"21":{"line":288,"type":"binary-expr","locations":[{"start":{"line":288,"column":12},"end":{"line":288,"column":40},"skip":true},{"start":{"line":288,"column":44},"end":{"line":288,"column":67},"skip":true}]},"22":{"line":292,"type":"binary-expr","locations":[{"start":{"line":292,"column":12},"end":{"line":292,"column":50},"skip":true},{"start":{"line":293,"column":12},"end":{"line":293,"column":53},"skip":true}]},"23":{"line":295,"type":"binary-expr","locations":[{"start":{"line":295,"column":12},"end":{"line":295,"column":63},"skip":true},{"start":{"line":296,"column":12},"end":{"line":301,"column":36},"skip":true}]},"24":{"line":302,"type":"binary-expr","locations":[{"start":{"line":302,"column":43},"end":{"line":302,"column":75},"skip":true},{"start":{"line":302,"column":79},"end":{"line":302,"column":81},"skip":true}]},"25":{"line":305,"type":"if","locations":[{"start":{"line":305,"column":8},"end":{"line":305,"column":8},"skip":true},{"start":{"line":305,"column":8},"end":{"line":305,"column":8},"skip":true}]},"26":{"line":309,"type":"if","locations":[{"start":{"line":309,"column":8},"end":{"line":309,"column":8},"skip":true},{"start":{"line":309,"column":8},"end":{"line":309,"column":8},"skip":true}]},"27":{"line":312,"type":"binary-expr","locations":[{"start":{"line":312,"column":27},"end":{"line":312,"column":43},"skip":true},{"start":{"line":312,"column":47},"end":{"line":312,"column":53},"skip":true}]},"28":{"line":316,"type":"if","locations":[{"start":{"line":316,"column":12},"end":{"line":316,"column":12},"skip":true},{"start":{"line":316,"column":12},"end":{"line":316,"column":12},"skip":true}]}},"code":["/*","example.js","","quickstart example","","instruction","    1. save this script as example.js","    2. run the shell command:","        $ npm install npmtest-voxel && PORT=8081 node example.js","    3. play with the browser-demo on http://127.0.0.1:8081","*/","","","","/* istanbul instrument in package npmtest_voxel */","/*jslint","    bitwise: true,","    browser: true,","    maxerr: 8,","    maxlen: 96,","    node: true,","    nomen: true,","    regexp: true,","    stupid: true","*/","(function () {","    'use strict';","    var local;","","","","    // run shared js-env code - pre-init","    (function () {","        // init local","        local = {};","        // init modeJs","        local.modeJs = (function () {","            try {","                return typeof navigator.userAgent === 'string' &&","                    typeof document.querySelector('body') === 'object' &&","                    typeof XMLHttpRequest.prototype.open === 'function' &&","                    'browser';","            } catch (errorCaughtBrowser) {","                return module.exports &&","                    typeof process.versions.node === 'string' &&","                    typeof require('http').createServer === 'function' &&","                    'node';","            }","        }());","        // init global","        local.global = local.modeJs === 'browser'","            ? window","            : global;","        // init utility2_rollup","        local = local.global.utility2_rollup || (local.modeJs === 'browser'","            ? local.global.utility2_npmtest_voxel","            : global.utility2_moduleExports);","        // export local","        local.global.local = local;","    }());","    switch (local.modeJs) {","","","","    // post-init","    // run browser js-env code - post-init","    /* istanbul ignore next */","    case 'browser':","        local.testRunBrowser = function (event) {","            if (!event || (event &&","                    event.currentTarget &&","                    event.currentTarget.className &&","                    event.currentTarget.className.includes &&","                    event.currentTarget.className.includes('onreset'))) {","                // reset output","                Array.from(","                    document.querySelectorAll('body > .resettable')","                ).forEach(function (element) {","                    switch (element.tagName) {","                    case 'INPUT':","                    case 'TEXTAREA':","                        element.value = '';","                        break;","                    default:","                        element.textContent = '';","                    }","                });","            }","            switch (event && event.currentTarget && event.currentTarget.id) {","            case 'testRunButton1':","                // show tests","                if (document.querySelector('#testReportDiv1').style.display === 'none') {","                    document.querySelector('#testReportDiv1').style.display = 'block';","                    document.querySelector('#testRunButton1').textContent =","                        'hide internal test';","                    local.modeTest = true;","                    local.testRunDefault(local);","                // hide tests","                } else {","                    document.querySelector('#testReportDiv1').style.display = 'none';","                    document.querySelector('#testRunButton1').textContent = 'run internal test';","                }","                break;","            // custom-case","            default:","                break;","            }","            if (document.querySelector('#inputTextareaEval1') && (!event || (event &&","                    event.currentTarget &&","                    event.currentTarget.className &&","                    event.currentTarget.className.includes &&","                    event.currentTarget.className.includes('oneval')))) {","                // try to eval input-code","                try {","                    /*jslint evil: true*/","                    eval(document.querySelector('#inputTextareaEval1').value);","                } catch (errorCaught) {","                    console.error(errorCaught);","                }","            }","        };","        // log stderr and stdout to #outputTextareaStdout1","        ['error', 'log'].forEach(function (key) {","            console[key + '_original'] = console[key];","            console[key] = function () {","                var element;","                console[key + '_original'].apply(console, arguments);","                element = document.querySelector('#outputTextareaStdout1');","                if (!element) {","                    return;","                }","                // append text to #outputTextareaStdout1","                element.value += Array.from(arguments).map(function (arg) {","                    return typeof arg === 'string'","                        ? arg","                        : JSON.stringify(arg, null, 4);","                }).join(' ') + '\\n';","                // scroll textarea to bottom","                element.scrollTop = element.scrollHeight;","            };","        });","        // init event-handling","        ['change', 'click', 'keyup'].forEach(function (event) {","            Array.from(document.querySelectorAll('.on' + event)).forEach(function (element) {","                element.addEventListener(event, local.testRunBrowser);","            });","        });","        // run tests","        local.testRunBrowser();","        break;","","","","    // run node js-env code - post-init","    /* istanbul ignore next */","    case 'node':","        // export local","        module.exports = local;","        // require modules","        local.fs = require('fs');","        local.http = require('http');","        local.url = require('url');","        // init assets","        local.assetsDict = local.assetsDict || {};","        /* jslint-ignore-begin */","        local.assetsDict['/assets.index.template.html'] = '\\","<!doctype html>\\n\\","<html lang=\"en\">\\n\\","<head>\\n\\","<meta charset=\"UTF-8\">\\n\\","<meta name=\"viewport\" content=\"width=device-width, initial-scale=1\">\\n\\","<title>{{env.npm_package_name}} (v{{env.npm_package_version}})</title>\\n\\","<style>\\n\\","/*csslint\\n\\","    box-sizing: false,\\n\\","    universal-selector: false\\n\\","*/\\n\\","* {\\n\\","    box-sizing: border-box;\\n\\","}\\n\\","body {\\n\\","    background: #dde;\\n\\","    font-family: Arial, Helvetica, sans-serif;\\n\\","    margin: 2rem;\\n\\","}\\n\\","body > * {\\n\\","    margin-bottom: 1rem;\\n\\","}\\n\\",".utility2FooterDiv {\\n\\","    margin-top: 20px;\\n\\","    text-align: center;\\n\\","}\\n\\","</style>\\n\\","<style>\\n\\","/*csslint\\n\\","*/\\n\\","textarea {\\n\\","    font-family: monospace;\\n\\","    height: 10rem;\\n\\","    width: 100%;\\n\\","}\\n\\","textarea[readonly] {\\n\\","    background: #ddd;\\n\\","}\\n\\","</style>\\n\\","</head>\\n\\","<body>\\n\\","<!-- utility2-comment\\n\\","<div id=\"ajaxProgressDiv1\" style=\"background: #d00; height: 2px; left: 0; margin: 0; padding: 0; position: fixed; top: 0; transition: background 0.5s, width 1.5s; width: 25%;\"></div>\\n\\","utility2-comment -->\\n\\","<h1>\\n\\","<!-- utility2-comment\\n\\","    <a\\n\\","        {{#if env.npm_package_homepage}}\\n\\","        href=\"{{env.npm_package_homepage}}\"\\n\\","        {{/if env.npm_package_homepage}}\\n\\","        target=\"_blank\"\\n\\","    >\\n\\","utility2-comment -->\\n\\","        {{env.npm_package_name}} (v{{env.npm_package_version}})\\n\\","<!-- utility2-comment\\n\\","    </a>\\n\\","utility2-comment -->\\n\\","</h1>\\n\\","<h3>{{env.npm_package_description}}</h3>\\n\\","<!-- utility2-comment\\n\\","<h4><a download href=\"assets.app.js\">download standalone app</a></h4>\\n\\","<button class=\"onclick onreset\" id=\"testRunButton1\">run internal test</button><br>\\n\\","<div id=\"testReportDiv1\" style=\"display: none;\"></div>\\n\\","utility2-comment -->\\n\\","\\n\\","\\n\\","\\n\\","<label>stderr and stdout</label>\\n\\","<textarea class=\"resettable\" id=\"outputTextareaStdout1\" readonly></textarea>\\n\\","<!-- utility2-comment\\n\\","{{#if isRollup}}\\n\\","<script src=\"assets.app.js\"></script>\\n\\","{{#unless isRollup}}\\n\\","utility2-comment -->\\n\\","<script src=\"assets.utility2.rollup.js\"></script>\\n\\","<script src=\"jsonp.utility2._stateInit?callback=window.utility2._stateInit\"></script>\\n\\","<script src=\"assets.npmtest_voxel.rollup.js\"></script>\\n\\","<script src=\"assets.example.js\"></script>\\n\\","<script src=\"assets.test.js\"></script>\\n\\","<!-- utility2-comment\\n\\","{{/if isRollup}}\\n\\","utility2-comment -->\\n\\","<div class=\"utility2FooterDiv\">\\n\\","    [ this app was created with\\n\\","    <a href=\"https://github.com/kaizhu256/node-utility2\" target=\"_blank\">utility2</a>\\n\\","    ]\\n\\","</div>\\n\\","</body>\\n\\","</html>\\n\\","';","        /* jslint-ignore-end */","        if (local.templateRender) {","            local.assetsDict['/'] = local.templateRender(","                local.assetsDict['/assets.index.template.html'],","                {","                    env: local.objectSetDefault(local.env, {","                        npm_package_description: 'the greatest app in the world!',","                        npm_package_name: 'my-app',","                        npm_package_nameAlias: 'my_app',","                        npm_package_version: '0.0.1'","                    })","                }","            );","        } else {","            local.assetsDict['/'] = local.assetsDict['/assets.index.template.html']","                .replace((/\\{\\{env\\.(\\w+?)\\}\\}/g), function (match0, match1) {","                    // jslint-hack","                    String(match0);","                    switch (match1) {","                    case 'npm_package_description':","                        return 'the greatest app in the world!';","                    case 'npm_package_name':","                        return 'my-app';","                    case 'npm_package_nameAlias':","                        return 'my_app';","                    case 'npm_package_version':","                        return '0.0.1';","                    }","                });","        }","        // run the cli","        if (local.global.utility2_rollup || module !== require.main) {","            break;","        }","        local.assetsDict['/assets.example.js'] =","            local.assetsDict['/assets.example.js'] ||","            local.fs.readFileSync(__filename, 'utf8');","        local.assetsDict['/assets.npmtest_voxel.rollup.js'] =","            local.assetsDict['/assets.npmtest_voxel.rollup.js'] ||","            local.fs.readFileSync(","                // buildCustomOrg-hack","                local.npmtest_voxel.__dirname +","                    '/lib.npmtest_voxel.js',","                'utf8'","            ).replace((/^#!/), '//');","        local.assetsDict['/favicon.ico'] = local.assetsDict['/favicon.ico'] || '';","        // if $npm_config_timeout_exit exists,","        // then exit this process after $npm_config_timeout_exit ms","        if (Number(process.env.npm_config_timeout_exit)) {","            setTimeout(process.exit, Number(process.env.npm_config_timeout_exit));","        }","        // start server","        if (local.global.utility2_serverHttp1) {","            break;","        }","        process.env.PORT = process.env.PORT || '8081';","        console.error('server starting on port ' + process.env.PORT);","        local.http.createServer(function (request, response) {","            request.urlParsed = local.url.parse(request.url);","            if (local.assetsDict[request.urlParsed.pathname] !== undefined) {","                response.end(local.assetsDict[request.urlParsed.pathname]);","                return;","            }","            response.statusCode = 404;","            response.end();","        }).listen(process.env.PORT);","        break;","    }","}());",""],"l":{"26":2,"28":2,"33":2,"35":2,"37":2,"38":2,"39":2,"44":1,"51":2,"55":2,"59":2,"61":2,"69":1,"70":2,"76":2,"79":2,"82":2,"83":2,"85":1,"89":2,"92":1,"93":1,"94":1,"96":1,"97":1,"100":1,"101":1,"103":1,"106":1,"108":2,"114":1,"116":1,"118":1,"123":1,"124":2,"125":2,"126":3,"127":3,"128":3,"129":3,"130":1,"133":3,"134":3,"139":3,"143":1,"144":3,"145":1,"149":1,"150":1,"158":1,"160":1,"161":1,"162":1,"164":1,"166":1,"258":1,"259":1,"271":1,"274":6,"275":6,"277":1,"279":2,"281":1,"283":2,"288":1,"289":1,"291":1,"294":1,"302":1,"305":1,"306":1,"309":1,"310":1,"312":1,"313":1,"314":1,"315":1,"316":1,"317":1,"318":1,"320":1,"321":1,"323":1}},"/home/travis/build/npmtest/node-npmtest-voxel/node_modules/voxel/index.js":{"path":"/home/travis/build/npmtest/node-npmtest-voxel/node_modules/voxel/index.js","s":{"1":1,"2":1,"3":1,"4":0,"5":0,"6":0,"7":0,"8":1,"9":1,"10":1,"11":1,"12":1,"13":1,"14":0,"15":0,"16":0,"17":0,"18":0,"19":0,"20":0,"21":0,"22":0,"23":0,"24":0,"25":0,"26":0,"27":1,"28":0,"29":1,"30":0,"31":1,"32":0,"33":1,"34":0,"35":1,"36":0,"37":1,"38":0,"39":1,"40":0,"41":0,"42":0,"43":0,"44":0,"45":0,"46":0,"47":0,"48":0,"49":0,"50":0,"51":1,"52":0,"53":1,"54":0},"b":{"1":[0,0],"2":[0,0],"3":[0,0],"4":[0,0],"5":[0,0],"6":[0,0],"7":[0,0],"8":[0,0],"9":[0,0],"10":[0,0],"11":[0,0],"12":[0,0]},"f":{"1":0,"2":0,"3":0,"4":0,"5":0,"6":0,"7":0,"8":0,"9":0,"10":0,"11":0,"12":0},"fnMap":{"1":{"name":"(anonymous_1)","line":4,"loc":{"start":{"line":4,"column":17},"end":{"line":4,"column":32}}},"2":{"name":"(anonymous_2)","line":5,"loc":{"start":{"line":5,"column":58},"end":{"line":5,"column":78}}},"3":{"name":"generate","line":24,"loc":{"start":{"line":24,"column":0},"end":{"line":24,"column":36}}},"4":{"name":"(anonymous_4)","line":43,"loc":{"start":{"line":43,"column":37},"end":{"line":43,"column":53}}},"5":{"name":"(anonymous_5)","line":47,"loc":{"start":{"line":47,"column":36},"end":{"line":47,"column":52}}},"6":{"name":"(anonymous_6)","line":51,"loc":{"start":{"line":51,"column":42},"end":{"line":51,"column":58}}},"7":{"name":"(anonymous_7)","line":55,"loc":{"start":{"line":55,"column":38},"end":{"line":55,"column":54}}},"8":{"name":"(anonymous_8)","line":59,"loc":{"start":{"line":59,"column":35},"end":{"line":59,"column":51}}},"9":{"name":"(anonymous_9)","line":63,"loc":{"start":{"line":63,"column":37},"end":{"line":63,"column":53}}},"10":{"name":"(anonymous_10)","line":67,"loc":{"start":{"line":67,"column":44},"end":{"line":67,"column":60}}},"11":{"name":"(anonymous_11)","line":85,"loc":{"start":{"line":85,"column":23},"end":{"line":85,"column":72}}},"12":{"name":"(anonymous_12)","line":90,"loc":{"start":{"line":90,"column":34},"end":{"line":90,"column":45}}}},"statementMap":{"1":{"start":{"line":1,"column":0},"end":{"line":1,"column":34}},"2":{"start":{"line":2,"column":0},"end":{"line":2,"column":32}},"3":{"start":{"line":4,"column":0},"end":{"line":9,"column":1}},"4":{"start":{"line":5,"column":2},"end":{"line":7,"column":3}},"5":{"start":{"line":5,"column":32},"end":{"line":7,"column":3}},"6":{"start":{"line":6,"column":4},"end":{"line":6,"column":66}},"7":{"start":{"line":8,"column":2},"end":{"line":8,"column":22}},"8":{"start":{"line":11,"column":0},"end":{"line":17,"column":1}},"9":{"start":{"line":19,"column":0},"end":{"line":19,"column":40}},"10":{"start":{"line":20,"column":0},"end":{"line":20,"column":28}},"11":{"start":{"line":21,"column":0},"end":{"line":21,"column":29}},"12":{"start":{"line":22,"column":0},"end":{"line":22,"column":34}},"13":{"start":{"line":24,"column":0},"end":{"line":40,"column":1}},"14":{"start":{"line":26,"column":2},"end":{"line":26,"column":9}},"15":{"start":{"line":27,"column":2},"end":{"line":27,"column":9}},"16":{"start":{"line":28,"column":2},"end":{"line":28,"column":9}},"17":{"start":{"line":29,"column":2},"end":{"line":29,"column":9}},"18":{"start":{"line":30,"column":2},"end":{"line":30,"column":9}},"19":{"start":{"line":31,"column":2},"end":{"line":31,"column":9}},"20":{"start":{"line":32,"column":2},"end":{"line":32,"column":52}},"21":{"start":{"line":33,"column":2},"end":{"line":33,"column":72}},"22":{"start":{"line":34,"column":2},"end":{"line":38,"column":7}},"23":{"start":{"line":35,"column":4},"end":{"line":38,"column":7}},"24":{"start":{"line":36,"column":6},"end":{"line":38,"column":7}},"25":{"start":{"line":37,"column":8},"end":{"line":37,"column":56}},"26":{"start":{"line":39,"column":2},"end":{"line":39,"column":13}},"27":{"start":{"line":43,"column":0},"end":{"line":45,"column":1}},"28":{"start":{"line":44,"column":2},"end":{"line":44,"column":37}},"29":{"start":{"line":47,"column":0},"end":{"line":49,"column":1}},"30":{"start":{"line":48,"column":2},"end":{"line":48,"column":60}},"31":{"start":{"line":51,"column":0},"end":{"line":53,"column":1}},"32":{"start":{"line":52,"column":2},"end":{"line":52,"column":46}},"33":{"start":{"line":55,"column":0},"end":{"line":57,"column":1}},"34":{"start":{"line":56,"column":2},"end":{"line":56,"column":58}},"35":{"start":{"line":59,"column":0},"end":{"line":61,"column":1}},"36":{"start":{"line":60,"column":2},"end":{"line":60,"column":55}},"37":{"start":{"line":63,"column":0},"end":{"line":65,"column":1}},"38":{"start":{"line":64,"column":2},"end":{"line":64,"column":65}},"39":{"start":{"line":67,"column":0},"end":{"line":83,"column":1}},"40":{"start":{"line":68,"column":2},"end":{"line":68,"column":71}},"41":{"start":{"line":69,"column":2},"end":{"line":71,"column":3}},"42":{"start":{"line":70,"column":4},"end":{"line":70,"column":13}},"43":{"start":{"line":72,"column":2},"end":{"line":74,"column":3}},"44":{"start":{"line":73,"column":4},"end":{"line":73,"column":13}},"45":{"start":{"line":75,"column":2},"end":{"line":75,"column":71}},"46":{"start":{"line":76,"column":2},"end":{"line":78,"column":3}},"47":{"start":{"line":77,"column":4},"end":{"line":77,"column":13}},"48":{"start":{"line":79,"column":2},"end":{"line":81,"column":3}},"49":{"start":{"line":80,"column":4},"end":{"line":80,"column":53}},"50":{"start":{"line":82,"column":2},"end":{"line":82,"column":11}},"51":{"start":{"line":85,"column":0},"end":{"line":87,"column":1}},"52":{"start":{"line":86,"column":2},"end":{"line":86,"column":78}},"53":{"start":{"line":90,"column":0},"end":{"line":100,"column":1}},"54":{"start":{"line":91,"column":2},"end":{"line":99,"column":3}}},"branchMap":{"1":{"line":5,"type":"if","locations":[{"start":{"line":5,"column":2},"end":{"line":5,"column":2}},{"start":{"line":5,"column":2},"end":{"line":5,"column":2}}]},"2":{"line":44,"type":"cond-expr","locations":[{"start":{"line":44,"column":32},"end":{"line":44,"column":33}},{"start":{"line":44,"column":36},"end":{"line":44,"column":37}}]},"3":{"line":48,"type":"cond-expr","locations":[{"start":{"line":48,"column":31},"end":{"line":48,"column":55}},{"start":{"line":48,"column":58},"end":{"line":48,"column":59}}]},"4":{"line":56,"type":"cond-expr","locations":[{"start":{"line":56,"column":26},"end":{"line":56,"column":52}},{"start":{"line":56,"column":56},"end":{"line":56,"column":57}}]},"5":{"line":56,"type":"cond-expr","locations":[{"start":{"line":56,"column":40},"end":{"line":56,"column":41}},{"start":{"line":56,"column":44},"end":{"line":56,"column":52}}]},"6":{"line":60,"type":"cond-expr","locations":[{"start":{"line":60,"column":49},"end":{"line":60,"column":50}},{"start":{"line":60,"column":53},"end":{"line":60,"column":54}}]},"7":{"line":64,"type":"cond-expr","locations":[{"start":{"line":64,"column":49},"end":{"line":64,"column":60}},{"start":{"line":64,"column":63},"end":{"line":64,"column":64}}]},"8":{"line":69,"type":"if","locations":[{"start":{"line":69,"column":2},"end":{"line":69,"column":2}},{"start":{"line":69,"column":2},"end":{"line":69,"column":2}}]},"9":{"line":72,"type":"if","locations":[{"start":{"line":72,"column":2},"end":{"line":72,"column":2}},{"start":{"line":72,"column":2},"end":{"line":72,"column":2}}]},"10":{"line":76,"type":"if","locations":[{"start":{"line":76,"column":2},"end":{"line":76,"column":2}},{"start":{"line":76,"column":2},"end":{"line":76,"column":2}}]},"11":{"line":79,"type":"if","locations":[{"start":{"line":79,"column":2},"end":{"line":79,"column":2}},{"start":{"line":79,"column":2},"end":{"line":79,"column":2}}]},"12":{"line":80,"type":"cond-expr","locations":[{"start":{"line":80,"column":33},"end":{"line":80,"column":41}},{"start":{"line":80,"column":44},"end":{"line":80,"column":52}}]}},"code":["var chunker = require('./chunker')","var ndarray = require('ndarray')","","module.exports = function(opts) {","  if (!opts.generateVoxelChunk) opts.generateVoxelChunk = function(low, high) {","    return generate(low, high, module.exports.generator['Valley'])","  }","  return chunker(opts)","}","","module.exports.meshers = {","  culled: require('./meshers/culled').mesher,","  greedy: require('./meshers/greedy').mesher,","  transgreedy: require('./meshers/transgreedy').mesher,","  monotone: require('./meshers/monotone').mesher,","  stupid: require('./meshers/stupid').mesher","}","","module.exports.Chunker = chunker.Chunker","module.exports.geometry = {}","module.exports.generator = {}","module.exports.generate = generate","","function generate(lo, hi, fn, game) {","  // To fix the display gaps, we need to pad the bounds","  lo[0]--","  lo[1]--","  lo[2]--","  hi[0]++","  hi[1]++","  hi[2]++","  var dims = [hi[2]-lo[2], hi[1]-lo[1], hi[0]-lo[0]]","  var data = ndarray(new Uint16Array(dims[2] * dims[1] * dims[0]), dims)","  for (var k = lo[2]; k < hi[2]; k++)","    for (var j = lo[1]; j < hi[1]; j++)","      for(var i = lo[0]; i < hi[0]; i++) {","        data.set(k-lo[2], j-lo[1], i-lo[0], fn(i, j, k))","      }","  return data","}","","// shape and terrain generator functions","module.exports.generator['Sphere'] = function(i,j,k) {","  return i*i+j*j+k*k <= 16*16 ? 1 : 0","}","","module.exports.generator['Noise'] = function(i,j,k) {","  return Math.random() < 0.1 ? Math.random() * 0xffffff : 0;","}","","module.exports.generator['Dense Noise'] = function(i,j,k) {","  return Math.round(Math.random() * 0xffffff);","}","","module.exports.generator['Checker'] = function(i,j,k) {","  return !!((i+j+k)&1) ? (((i^j^k)&2) ? 1 : 0xffffff) : 0;","}","","module.exports.generator['Hill'] = function(i,j,k) {","  return j <= 16 * Math.exp(-(i*i + k*k) / 64) ? 1 : 0;","}","","module.exports.generator['Valley'] = function(i,j,k) {","  return j <= (i*i + k*k) * 31 / (32*32*2) + 1 ? 1 + (1<<15) : 0;","}","","module.exports.generator['Hilly Terrain'] = function(i,j,k) {","  var h0 = 3.0 * Math.sin(Math.PI * i / 12.0 - Math.PI * k * 0.1) + 27;    ","  if(j > h0+1) {","    return 0;","  }","  if(h0 <= j) {","    return 1;","  }","  var h1 = 2.0 * Math.sin(Math.PI * i * 0.25 - Math.PI * k * 0.3) + 20;","  if(h1 <= j) {","    return 2;","  }","  if(2 < j) {","    return Math.random() < 0.1 ? 0x222222 : 0xaaaaaa;","  }","  return 3;","}","","module.exports.scale = function ( x, fromLow, fromHigh, toLow, toHigh ) {","  return ( x - fromLow ) * ( toHigh - toLow ) / ( fromHigh - fromLow ) + toLow","}","","// convenience function that uses the above functions to prebake some simple voxel geometries","module.exports.generateExamples = function() {","  return {","    'Sphere': generate([-16,-16,-16], [16,16,16], module.exports.generator['Sphere']),","    'Noise': generate([0,0,0], [16,16,16], module.exports.generator['Noise']),","    'Dense Noise': generate([0,0,0], [16,16,16], module.exports.generator['Dense Noise']),","    'Checker': generate([0,0,0], [8,8,8], module.exports.generator['Checker']),","    'Hill': generate([-16, 0, -16], [16,16,16], module.exports.generator['Hill']),","    'Valley': generate([0,0,0], [32,32,32], module.exports.generator['Valley']),","    'Hilly Terrain': generate([0, 0, 0], [32,32,32], module.exports.generator['Hilly Terrain'])","  }","}","",""],"l":{"1":1,"2":1,"4":1,"5":0,"6":0,"8":0,"11":1,"19":1,"20":1,"21":1,"22":1,"24":1,"26":0,"27":0,"28":0,"29":0,"30":0,"31":0,"32":0,"33":0,"34":0,"35":0,"36":0,"37":0,"39":0,"43":1,"44":0,"47":1,"48":0,"51":1,"52":0,"55":1,"56":0,"59":1,"60":0,"63":1,"64":0,"67":1,"68":0,"69":0,"70":0,"72":0,"73":0,"75":0,"76":0,"77":0,"79":0,"80":0,"82":0,"85":1,"86":0,"90":1,"91":0}},"/home/travis/build/npmtest/node-npmtest-voxel/node_modules/voxel/chunker.js":{"path":"/home/travis/build/npmtest/node-npmtest-voxel/node_modules/voxel/chunker.js","s":{"1":1,"2":1,"3":1,"4":0,"5":1,"6":1,"7":0,"8":0,"9":0,"10":0,"11":0,"12":0,"13":0,"14":0,"15":0,"16":0,"17":0,"18":0,"19":0,"20":0,"21":0,"22":1,"23":1,"24":0,"25":0,"26":0,"27":0,"28":0,"29":0,"30":0,"31":0,"32":0,"33":0,"34":0,"35":1,"36":0,"37":0,"38":0,"39":0,"40":1,"41":0,"42":0,"43":0,"44":0,"45":1,"46":0,"47":0,"48":0,"49":0,"50":0,"51":0,"52":0,"53":1,"54":0,"55":0,"56":0,"57":0,"58":0,"59":0,"60":1,"61":0,"62":0,"63":0,"64":0,"65":0,"66":0,"67":1,"68":0,"69":1,"70":0,"71":0,"72":0,"73":0,"74":0,"75":0,"76":0,"77":0,"78":0,"79":0,"80":0,"81":0,"82":0,"83":1,"84":0,"85":0,"86":0,"87":0,"88":0,"89":0},"b":{"1":[0,0],"2":[0,0],"3":[0,0],"4":[0,0],"5":[0,0],"6":[0,0],"7":[0,0],"8":[0,0],"9":[0,0]},"f":{"1":0,"2":0,"3":0,"4":0,"5":0,"6":0,"7":0,"8":0,"9":0,"10":0,"11":0,"12":0},"fnMap":{"1":{"name":"(anonymous_1)","line":4,"loc":{"start":{"line":4,"column":17},"end":{"line":4,"column":32}}},"2":{"name":"Chunker","line":10,"loc":{"start":{"line":10,"column":0},"end":{"line":10,"column":23}}},"3":{"name":"(anonymous_3)","line":30,"loc":{"start":{"line":30,"column":33},"end":{"line":30,"column":62}}},"4":{"name":"(anonymous_4)","line":47,"loc":{"start":{"line":47,"column":41},"end":{"line":47,"column":60}}},"5":{"name":"(anonymous_5)","line":49,"loc":{"start":{"line":49,"column":34},"end":{"line":49,"column":50}}},"6":{"name":"(anonymous_6)","line":56,"loc":{"start":{"line":56,"column":30},"end":{"line":56,"column":48}}},"7":{"name":"(anonymous_7)","line":63,"loc":{"start":{"line":63,"column":34},"end":{"line":63,"column":52}}},"8":{"name":"(anonymous_8)","line":73,"loc":{"start":{"line":73,"column":39},"end":{"line":73,"column":57}}},"9":{"name":"(anonymous_9)","line":82,"loc":{"start":{"line":82,"column":36},"end":{"line":82,"column":55}}},"10":{"name":"(anonymous_10)","line":91,"loc":{"start":{"line":91,"column":46},"end":{"line":91,"column":64}}},"11":{"name":"(anonymous_11)","line":95,"loc":{"start":{"line":95,"column":39},"end":{"line":95,"column":62}}},"12":{"name":"(anonymous_12)","line":111,"loc":{"start":{"line":111,"column":36},"end":{"line":111,"column":55}}}},"statementMap":{"1":{"start":{"line":1,"column":0},"end":{"line":1,"column":30}},"2":{"start":{"line":2,"column":0},"end":{"line":2,"column":34}},"3":{"start":{"line":4,"column":0},"end":{"line":6,"column":1}},"4":{"start":{"line":5,"column":2},"end":{"line":5,"column":26}},"5":{"start":{"line":8,"column":0},"end":{"line":8,"column":32}},"6":{"start":{"line":10,"column":0},"end":{"line":26,"column":1}},"7":{"start":{"line":11,"column":2},"end":{"line":11,"column":41}},"8":{"start":{"line":12,"column":2},"end":{"line":12,"column":39}},"9":{"start":{"line":13,"column":2},"end":{"line":13,"column":65}},"10":{"start":{"line":14,"column":2},"end":{"line":14,"column":37}},"11":{"start":{"line":15,"column":2},"end":{"line":15,"column":51}},"12":{"start":{"line":16,"column":2},"end":{"line":16,"column":18}},"13":{"start":{"line":17,"column":2},"end":{"line":17,"column":18}},"14":{"start":{"line":19,"column":2},"end":{"line":20,"column":53}},"15":{"start":{"line":20,"column":4},"end":{"line":20,"column":53}},"16":{"start":{"line":21,"column":2},"end":{"line":21,"column":15}},"17":{"start":{"line":22,"column":2},"end":{"line":22,"column":63}},"18":{"start":{"line":22,"column":56},"end":{"line":22,"column":63}},"19":{"start":{"line":23,"column":2},"end":{"line":23,"column":28}},"20":{"start":{"line":24,"column":2},"end":{"line":24,"column":44}},"21":{"start":{"line":25,"column":2},"end":{"line":25,"column":40}},"22":{"start":{"line":28,"column":0},"end":{"line":28,"column":38}},"23":{"start":{"line":30,"column":0},"end":{"line":45,"column":1}},"24":{"start":{"line":31,"column":2},"end":{"line":31,"column":46}},"25":{"start":{"line":32,"column":2},"end":{"line":32,"column":20}},"26":{"start":{"line":33,"column":2},"end":{"line":33,"column":20}},"27":{"start":{"line":34,"column":2},"end":{"line":34,"column":20}},"28":{"start":{"line":35,"column":2},"end":{"line":35,"column":38}},"29":{"start":{"line":36,"column":2},"end":{"line":36,"column":17}},"30":{"start":{"line":37,"column":2},"end":{"line":43,"column":3}},"31":{"start":{"line":38,"column":4},"end":{"line":42,"column":5}},"32":{"start":{"line":39,"column":6},"end":{"line":41,"column":7}},"33":{"start":{"line":40,"column":8},"end":{"line":40,"column":33}},"34":{"start":{"line":44,"column":2},"end":{"line":44,"column":15}},"35":{"start":{"line":47,"column":0},"end":{"line":54,"column":1}},"36":{"start":{"line":48,"column":2},"end":{"line":48,"column":17}},"37":{"start":{"line":49,"column":2},"end":{"line":53,"column":4}},"38":{"start":{"line":50,"column":4},"end":{"line":52,"column":5}},"39":{"start":{"line":51,"column":6},"end":{"line":51,"column":38}},"40":{"start":{"line":56,"column":0},"end":{"line":61,"column":1}},"41":{"start":{"line":57,"column":2},"end":{"line":57,"column":27}},"42":{"start":{"line":58,"column":2},"end":{"line":58,"column":45}},"43":{"start":{"line":59,"column":2},"end":{"line":59,"column":58}},"44":{"start":{"line":60,"column":2},"end":{"line":60,"column":20}},"45":{"start":{"line":63,"column":0},"end":{"line":71,"column":1}},"46":{"start":{"line":64,"column":2},"end":{"line":64,"column":17}},"47":{"start":{"line":65,"column":2},"end":{"line":65,"column":38}},"48":{"start":{"line":66,"column":2},"end":{"line":66,"column":68}},"49":{"start":{"line":67,"column":2},"end":{"line":67,"column":26}},"50":{"start":{"line":68,"column":2},"end":{"line":68,"column":27}},"51":{"start":{"line":69,"column":2},"end":{"line":69,"column":41}},"52":{"start":{"line":70,"column":2},"end":{"line":70,"column":14}},"53":{"start":{"line":73,"column":0},"end":{"line":80,"column":1}},"54":{"start":{"line":74,"column":2},"end":{"line":74,"column":28}},"55":{"start":{"line":75,"column":2},"end":{"line":75,"column":21}},"56":{"start":{"line":76,"column":2},"end":{"line":76,"column":21}},"57":{"start":{"line":77,"column":2},"end":{"line":77,"column":21}},"58":{"start":{"line":78,"column":2},"end":{"line":78,"column":30}},"59":{"start":{"line":79,"column":2},"end":{"line":79,"column":18}},"60":{"start":{"line":82,"column":0},"end":{"line":89,"column":2}},"61":{"start":{"line":83,"column":2},"end":{"line":83,"column":31}},"62":{"start":{"line":84,"column":2},"end":{"line":84,"column":44}},"63":{"start":{"line":85,"column":2},"end":{"line":85,"column":44}},"64":{"start":{"line":86,"column":2},"end":{"line":86,"column":44}},"65":{"start":{"line":87,"column":2},"end":{"line":87,"column":49}},"66":{"start":{"line":88,"column":2},"end":{"line":88,"column":17}},"67":{"start":{"line":91,"column":0},"end":{"line":93,"column":1}},"68":{"start":{"line":92,"column":2},"end":{"line":92,"column":96}},"69":{"start":{"line":95,"column":0},"end":{"line":109,"column":1}},"70":{"start":{"line":96,"column":2},"end":{"line":96,"column":55}},"71":{"start":{"line":97,"column":2},"end":{"line":97,"column":31}},"72":{"start":{"line":98,"column":2},"end":{"line":98,"column":26}},"73":{"start":{"line":98,"column":14},"end":{"line":98,"column":26}},"74":{"start":{"line":99,"column":2},"end":{"line":99,"column":27}},"75":{"start":{"line":100,"column":2},"end":{"line":100,"column":27}},"76":{"start":{"line":101,"column":2},"end":{"line":101,"column":19}},"77":{"start":{"line":102,"column":2},"end":{"line":102,"column":19}},"78":{"start":{"line":103,"column":2},"end":{"line":103,"column":19}},"79":{"start":{"line":104,"column":2},"end":{"line":104,"column":37}},"80":{"start":{"line":105,"column":2},"end":{"line":107,"column":3}},"81":{"start":{"line":106,"column":4},"end":{"line":106,"column":36}},"82":{"start":{"line":108,"column":2},"end":{"line":108,"column":10}},"83":{"start":{"line":111,"column":0},"end":{"line":118,"column":1}},"84":{"start":{"line":112,"column":2},"end":{"line":112,"column":31}},"85":{"start":{"line":113,"column":2},"end":{"line":113,"column":39}},"86":{"start":{"line":114,"column":2},"end":{"line":114,"column":39}},"87":{"start":{"line":115,"column":2},"end":{"line":115,"column":39}},"88":{"start":{"line":116,"column":2},"end":{"line":116,"column":47}},"89":{"start":{"line":117,"column":2},"end":{"line":117,"column":11}}},"branchMap":{"1":{"line":11,"type":"binary-expr","locations":[{"start":{"line":11,"column":18},"end":{"line":11,"column":36}},{"start":{"line":11,"column":40},"end":{"line":11,"column":41}}]},"2":{"line":12,"type":"binary-expr","locations":[{"start":{"line":12,"column":19},"end":{"line":12,"column":33}},{"start":{"line":12,"column":37},"end":{"line":12,"column":39}}]},"3":{"line":13,"type":"cond-expr","locations":[{"start":{"line":13,"column":48},"end":{"line":13,"column":61}},{"start":{"line":13,"column":64},"end":{"line":13,"column":65}}]},"4":{"line":14,"type":"binary-expr","locations":[{"start":{"line":14,"column":18},"end":{"line":14,"column":31}},{"start":{"line":14,"column":35},"end":{"line":14,"column":37}}]},"5":{"line":19,"type":"if","locations":[{"start":{"line":19,"column":2},"end":{"line":19,"column":2}},{"start":{"line":19,"column":2},"end":{"line":19,"column":2}}]},"6":{"line":35,"type":"binary-expr","locations":[{"start":{"line":35,"column":13},"end":{"line":35,"column":21}},{"start":{"line":35,"column":25},"end":{"line":35,"column":38}}]},"7":{"line":50,"type":"if","locations":[{"start":{"line":50,"column":4},"end":{"line":50,"column":4}},{"start":{"line":50,"column":4},"end":{"line":50,"column":4}}]},"8":{"line":98,"type":"if","locations":[{"start":{"line":98,"column":2},"end":{"line":98,"column":2}},{"start":{"line":98,"column":2},"end":{"line":98,"column":2}}]},"9":{"line":105,"type":"if","locations":[{"start":{"line":105,"column":2},"end":{"line":105,"column":2}},{"start":{"line":105,"column":2},"end":{"line":105,"column":2}}]}},"code":["var events = require('events')","var inherits = require('inherits')","","module.exports = function(opts) {","  return new Chunker(opts)","}","","module.exports.Chunker = Chunker","","function Chunker(opts) {","  this.distance = opts.chunkDistance || 2","  this.chunkSize = opts.chunkSize || 32","  this.chunkPad = opts.chunkPad !== undefined ? opts.chunkPad : 0","  this.cubeSize = opts.cubeSize || 25","  this.generateVoxelChunk = opts.generateVoxelChunk","  this.chunks = {}","  this.meshes = {}","","  if (this.chunkSize & this.chunkSize-1 !== 0)","    throw new Error('chunkSize must be a power of 2')","  var bits = 0;","  for (var size = this.chunkSize; size > 0; size >>= 1) bits++;","  this.chunkBits = bits - 1;","  this.chunkMask = (1 << this.chunkBits) - 1","  this.chunkPadHalf = this.chunkPad >> 1","}","","inherits(Chunker, events.EventEmitter)","","Chunker.prototype.nearbyChunks = function(position, distance) {","  var current = this.chunkAtPosition(position)","  var x = current[0]","  var y = current[1]","  var z = current[2]","  var dist = distance || this.distance","  var nearby = []","  for (var cx = (x - dist); cx !== (x + dist); ++cx) {","    for (var cy = (y - dist); cy !== (y + dist); ++cy) {","      for (var cz = (z - dist); cz !== (z + dist); ++cz) {","        nearby.push([cx, cy, cz])","      }","    }","  }","  return nearby","}","","Chunker.prototype.requestMissingChunks = function(position) {","  var self = this","  this.nearbyChunks(position).map(function(chunk) {","    if (!self.chunks[chunk.join('|')]) {","      self.emit('missingChunk', chunk)","    }","  })","}","","Chunker.prototype.getBounds = function(x, y, z) {","  var bits = this.chunkBits","  var low = [x << bits, y << bits, z << bits]","  var high = [(x+1) << bits, (y+1) << bits, (z+1) << bits]","  return [low, high]","}","","Chunker.prototype.generateChunk = function(x, y, z) {","  var self = this","  var bounds = this.getBounds(x, y, z)","  var chunk = this.generateVoxelChunk(bounds[0], bounds[1], x, y, z)","  var position = [x, y, z]","  chunk.position = position","  this.chunks[position.join('|')] = chunk","  return chunk","}","","Chunker.prototype.chunkAtCoordinates = function(x, y, z) {","  var bits = this.chunkBits;","  var cx = x >> bits;","  var cy = y >> bits;","  var cz = z >> bits;","  var chunkPos = [cx, cy, cz];","  return chunkPos;","}","","Chunker.prototype.chunkAtPosition = function(position) {","  var cubeSize = this.cubeSize;","  var x = Math.floor(position[0] / cubeSize)","  var y = Math.floor(position[1] / cubeSize)","  var z = Math.floor(position[2] / cubeSize)","  var chunkPos = this.chunkAtCoordinates(x, y, z)","  return chunkPos","};","","Chunker.prototype.voxelIndexFromCoordinates = function(x, y, z) {","  throw new Error('Chunker.prototype.voxelIndexFromCoordinates removed, use voxelAtCoordinates')","}","","Chunker.prototype.voxelAtCoordinates = function(x, y, z, val) {","  var ckey = this.chunkAtCoordinates(x, y, z).join('|')","  var chunk = this.chunks[ckey]","  if (!chunk) return false","  var mask = this.chunkMask","  var h = this.chunkPadHalf","  var mx = x & mask","  var my = y & mask","  var mz = z & mask","  var v = chunk.get(mx+h, my+h, mz+h)","  if (typeof val !== 'undefined') {","    chunk.set(mx+h, my+h, mz+h, val)","  }","  return v","}","","Chunker.prototype.voxelAtPosition = function(pos, val) {","  var cubeSize = this.cubeSize;","  var x = Math.floor(pos[0] / cubeSize)","  var y = Math.floor(pos[1] / cubeSize)","  var z = Math.floor(pos[2] / cubeSize)","  var v = this.voxelAtCoordinates(x, y, z, val)","  return v;","}","",""],"l":{"1":1,"2":1,"4":1,"5":0,"8":1,"10":1,"11":0,"12":0,"13":0,"14":0,"15":0,"16":0,"17":0,"19":0,"20":0,"21":0,"22":0,"23":0,"24":0,"25":0,"28":1,"30":1,"31":0,"32":0,"33":0,"34":0,"35":0,"36":0,"37":0,"38":0,"39":0,"40":0,"44":0,"47":1,"48":0,"49":0,"50":0,"51":0,"56":1,"57":0,"58":0,"59":0,"60":0,"63":1,"64":0,"65":0,"66":0,"67":0,"68":0,"69":0,"70":0,"73":1,"74":0,"75":0,"76":0,"77":0,"78":0,"79":0,"82":1,"83":0,"84":0,"85":0,"86":0,"87":0,"88":0,"91":1,"92":0,"95":1,"96":0,"97":0,"98":0,"99":0,"100":0,"101":0,"102":0,"103":0,"104":0,"105":0,"106":0,"108":0,"111":1,"112":0,"113":0,"114":0,"115":0,"116":0,"117":0}},"/home/travis/build/npmtest/node-npmtest-voxel/node_modules/voxel/meshers/culled.js":{"path":"/home/travis/build/npmtest/node-npmtest-voxel/node_modules/voxel/meshers/culled.js","s":{"1":1,"2":0,"3":0,"4":0,"5":0,"6":0,"7":0,"8":0,"9":0,"10":0,"11":0,"12":0,"13":0,"14":0,"15":0,"16":0,"17":0,"18":0,"19":0,"20":0,"21":0,"22":0,"23":0,"24":1,"25":1},"b":{"1":[0,0],"2":[0,0,0],"3":[0,0],"4":[0,0,0],"5":[0,0],"6":[0,0,0],"7":[0,0],"8":[0,0,0],"9":[0,0],"10":[0,0],"11":[0,0],"12":[1,0]},"f":{"1":0},"fnMap":{"1":{"name":"CulledMesh","line":2,"loc":{"start":{"line":2,"column":0},"end":{"line":2,"column":34}}}},"statementMap":{"1":{"start":{"line":2,"column":0},"end":{"line":45,"column":1}},"2":{"start":{"line":4,"column":2},"end":{"line":4,"column":25}},"3":{"start":{"line":5,"column":2},"end":{"line":9,"column":3}},"4":{"start":{"line":6,"column":4},"end":{"line":6,"column":32}},"5":{"start":{"line":7,"column":4},"end":{"line":7,"column":27}},"6":{"start":{"line":8,"column":4},"end":{"line":8,"column":27}},"7":{"start":{"line":11,"column":2},"end":{"line":17,"column":27}},"8":{"start":{"line":18,"column":2},"end":{"line":43,"column":3}},"9":{"start":{"line":19,"column":2},"end":{"line":43,"column":3}},"10":{"start":{"line":20,"column":2},"end":{"line":43,"column":3}},"11":{"start":{"line":22,"column":4},"end":{"line":26,"column":12}},"12":{"start":{"line":28,"column":4},"end":{"line":42,"column":5}},"13":{"start":{"line":29,"column":4},"end":{"line":42,"column":5}},"14":{"start":{"line":30,"column":6},"end":{"line":30,"column":25}},"15":{"start":{"line":31,"column":6},"end":{"line":33,"column":26}},"16":{"start":{"line":34,"column":6},"end":{"line":34,"column":13}},"17":{"start":{"line":36,"column":6},"end":{"line":36,"column":41}},"18":{"start":{"line":37,"column":6},"end":{"line":37,"column":70}},"19":{"start":{"line":38,"column":6},"end":{"line":38,"column":70}},"20":{"start":{"line":39,"column":6},"end":{"line":39,"column":70}},"21":{"start":{"line":40,"column":6},"end":{"line":40,"column":70}},"22":{"start":{"line":41,"column":6},"end":{"line":41,"column":95}},"23":{"start":{"line":44,"column":2},"end":{"line":44,"column":44}},"24":{"start":{"line":48,"column":0},"end":{"line":50,"column":1}},"25":{"start":{"line":49,"column":2},"end":{"line":49,"column":30}}},"branchMap":{"1":{"line":22,"type":"cond-expr","locations":[{"start":{"line":22,"column":48},"end":{"line":22,"column":57}},{"start":{"line":22,"column":76},"end":{"line":22,"column":77}}]},"2":{"line":22,"type":"binary-expr","locations":[{"start":{"line":22,"column":15},"end":{"line":22,"column":22}},{"start":{"line":22,"column":26},"end":{"line":22,"column":33}},{"start":{"line":22,"column":37},"end":{"line":22,"column":44}}]},"3":{"line":23,"type":"cond-expr","locations":[{"start":{"line":23,"column":48},"end":{"line":23,"column":59}},{"start":{"line":23,"column":76},"end":{"line":23,"column":77}}]},"4":{"line":23,"type":"binary-expr","locations":[{"start":{"line":23,"column":15},"end":{"line":23,"column":22}},{"start":{"line":23,"column":26},"end":{"line":23,"column":33}},{"start":{"line":23,"column":37},"end":{"line":23,"column":44}}]},"5":{"line":24,"type":"cond-expr","locations":[{"start":{"line":24,"column":48},"end":{"line":24,"column":65}},{"start":{"line":24,"column":76},"end":{"line":24,"column":77}}]},"6":{"line":24,"type":"binary-expr","locations":[{"start":{"line":24,"column":15},"end":{"line":24,"column":22}},{"start":{"line":24,"column":26},"end":{"line":24,"column":33}},{"start":{"line":24,"column":37},"end":{"line":24,"column":44}}]},"7":{"line":25,"type":"cond-expr","locations":[{"start":{"line":25,"column":48},"end":{"line":25,"column":73}},{"start":{"line":25,"column":76},"end":{"line":25,"column":77}}]},"8":{"line":25,"type":"binary-expr","locations":[{"start":{"line":25,"column":15},"end":{"line":25,"column":22}},{"start":{"line":25,"column":26},"end":{"line":25,"column":33}},{"start":{"line":25,"column":37},"end":{"line":25,"column":44}}]},"9":{"line":29,"type":"if","locations":[{"start":{"line":29,"column":4},"end":{"line":29,"column":4}},{"start":{"line":29,"column":4},"end":{"line":29,"column":4}}]},"10":{"line":30,"type":"cond-expr","locations":[{"start":{"line":30,"column":19},"end":{"line":30,"column":20}},{"start":{"line":30,"column":23},"end":{"line":30,"column":24}}]},"11":{"line":41,"type":"cond-ex
[...]
 27;    ","  if(j > h0+1) {","    return 0;","  }","  if(h0 <= j) {","    return 0x23dd31;","  }","  var h1 = 2.0 * Math.sin(Math.PI * i * 0.25 - Math.PI * k * 0.3) + 20;","  if(h1 <= j) {","    return 0x964B00;","  }","  if(2 < j) {","    return Math.random() < 0.1 ? 0x222222 : 0xaaaaaa;","  }","  return 0xff0000;","}","","// convenience function that uses the above functions to prebake some simple voxel geometries","module.exports.generateExamples = function() {","  return {","    'Sphere': generate([-16,-16,-16], [16,16,16], module.exports.generator['Sphere']),","    'Noise': generate([0,0,0], [16,16,16], module.exports.generator['Noise']),","    'Dense Noise': generate([0,0,0], [16,16,16], module.exports.generator['Dense Noise']),","    'Checker': generate([0,0,0], [8,8,8], module.exports.generator['Checker']),","    'Hill': generate([-16, 0, -16], [16,16,16], module.exports.generator['Hill']),","    'Valley': generate([0,0,0], [32,32,32], module.exports.generator['Valley']),","    'Hilly Terrain': generate([0, 0, 0], [32,32,32], module.exports.generator['Hilly Terrain'])","  }","}","","","});","","require.define(\"/meshers/culled.js\",function(require,module,exports,__dirname,__filename,process,global){//Naive meshing (with face culling)","function CulledMesh(volume, dims) {","  //Precalculate direction vectors for convenience","  var dir = new Array(3);","  for(var i=0; i<3; ++i) {","    dir[i] = [[0,0,0], [0,0,0]];","    dir[i][0][(i+1)%3] = 1;","    dir[i][1][(i+2)%3] = 1;","  }","  //March over the volume","  var vertices = []","    , faces = []","    , x = [0,0,0]","    , B = [[false,true]    //Incrementally update bounds (this is a bit ugly)","          ,[false,true]","          ,[false,true]]","    , n = -dims[0]*dims[1];","  for(           B[2]=[false,true],x[2]=-1; x[2]<dims[2]; B[2]=[true,(++x[2]<dims[2]-1)])","  for(n-=dims[0],B[1]=[false,true],x[1]=-1; x[1]<dims[1]; B[1]=[true,(++x[1]<dims[1]-1)])","  for(n-=1,      B[0]=[false,true],x[0]=-1; x[0]<dims[0]; B[0]=[true,(++x[0]<dims[0]-1)], ++n) {","    //Read current voxel and 3 neighboring voxels using bounds check results","    var p =   (B[0][0] && B[1][0] && B[2][0]) ? volume[n]                 : 0","      , b = [ (B[0][1] && B[1][0] && B[2][0]) ? volume[n+1]               : 0","            , (B[0][0] && B[1][1] && B[2][0]) ? volume[n+dims[0]]         : 0","            , (B[0][0] && B[1][0] && B[2][1]) ? volume[n+dims[0]*dims[1]] : 0","          ];","    //Generate faces","    for(var d=0; d<3; ++d)","    if((!!p) !== (!!b[d])) {","      var s = !p ? 1 : 0;","      var t = [x[0],x[1],x[2]]","        , u = dir[d][s]","        , v = dir[d][s^1];","      ++t[d];","      ","      var vertex_count = vertices.length;","      vertices.push([t[0],           t[1],           t[2]          ]);","      vertices.push([t[0]+u[0],      t[1]+u[1],      t[2]+u[2]     ]);","      vertices.push([t[0]+u[0]+v[0], t[1]+u[1]+v[1], t[2]+u[2]+v[2]]);","      vertices.push([t[0]     +v[0], t[1]     +v[1], t[2]     +v[2]]);","      faces.push([vertex_count, vertex_count+1, vertex_count+2, vertex_count+3, s ? b[d] : p]);","    }","  }","  return { vertices:vertices, faces:faces };","}","","","if(exports) {","  exports.mesher = CulledMesh;","}","","});","","require.define(\"/meshers/greedy.js\",function(require,module,exports,__dirname,__filename,process,global){var GreedyMesh = (function() {","//Cache buffer internally","var mask = new Int32Array(4096);","","return function(volume, dims) {","  function f(i,j,k) {","    return volume[i + dims[0] * (j + dims[1] * k)];","  }","  //Sweep over 3-axes","  var vertices = [], faces = [];","  for(var d=0; d<3; ++d) {","    var i, j, k, l, w, h","      , u = (d+1)%3","      , v = (d+2)%3","      , x = [0,0,0]","      , q = [0,0,0];","    if(mask.length < dims[u] * dims[v]) {","      mask = new Int32Array(dims[u] * dims[v]);","    }","    q[d] = 1;","    for(x[d]=-1; x[d]<dims[d]; ) {","      //Compute mask","      var n = 0;","      for(x[v]=0; x[v]<dims[v]; ++x[v])","      for(x[u]=0; x[u]<dims[u]; ++x[u], ++n) {","        var a = (0    <= x[d]      ? f(x[0],      x[1],      x[2])      : 0)","          , b = (x[d] <  dims[d]-1 ? f(x[0]+q[0], x[1]+q[1], x[2]+q[2]) : 0);","        if((!!a) === (!!b) ) {","          mask[n] = 0;","        } else if(!!a) {","          mask[n] = a;","        } else {","          mask[n] = -b;","        }","      }","      //Increment x[d]","      ++x[d];","      //Generate mesh for mask using lexicographic ordering","      n = 0;","      for(j=0; j<dims[v]; ++j)","      for(i=0; i<dims[u]; ) {","        var c = mask[n];","        if(!!c) {","          //Compute width","          for(w=1; c === mask[n+w] && i+w<dims[u]; ++w) {","          }","          //Compute height (this is slightly awkward","          var done = false;","          for(h=1; j+h<dims[v]; ++h) {","            for(k=0; k<w; ++k) {","              if(c !== mask[n+k+h*dims[u]]) {","                done = true;","                break;","              }","            }","            if(done) {","              break;","            }","          }","          //Add quad","          x[u] = i;  x[v] = j;","          var du = [0,0,0]","            , dv = [0,0,0]; ","          if(c > 0) {","            dv[v] = h;","            du[u] = w;","          } else {","            c = -c;","            du[v] = h;","            dv[u] = w;","          }","          var vertex_count = vertices.length;","          vertices.push([x[0],             x[1],             x[2]            ]);","          vertices.push([x[0]+du[0],       x[1]+du[1],       x[2]+du[2]      ]);","          vertices.push([x[0]+du[0]+dv[0], x[1]+du[1]+dv[1], x[2]+du[2]+dv[2]]);","          vertices.push([x[0]      +dv[0], x[1]      +dv[1], x[2]      +dv[2]]);","          faces.push([vertex_count, vertex_count+1, vertex_count+2, vertex_count+3, c]);","          ","          //Zero-out mask","          for(l=0; l<h; ++l)","          for(k=0; k<w; ++k) {","            mask[n+k+l*dims[u]] = 0;","          }","          //Increment counters and continue","          i += w; n += w;","        } else {","          ++i;    ++n;","        }","      }","    }","  }","  return { vertices:vertices, faces:faces };","}","})();","","if(exports) {","  exports.mesher = GreedyMesh;","}","","});","","require.define(\"/meshers/monotone.js\",function(require,module,exports,__dirname,__filename,process,global){\"use strict\";","","var MonotoneMesh = (function(){","","function MonotonePolygon(c, v, ul, ur) {","  this.color  = c;","  this.left   = [[ul, v]];","  this.right  = [[ur, v]];","};","","MonotonePolygon.prototype.close_off = function(v) {","  this.left.push([ this.left[this.left.length-1][0], v ]);","  this.right.push([ this.right[this.right.length-1][0], v ]);","};","","MonotonePolygon.prototype.merge_run = function(v, u_l, u_r) {","  var l = this.left[this.left.length-1][0]","    , r = this.right[this.right.length-1][0]; ","  if(l !== u_l) {","    this.left.push([ l, v ]);","    this.left.push([ u_l, v ]);","  }","  if(r !== u_r) {","    this.right.push([ r, v ]);","    this.right.push([ u_r, v ]);","  }","};","","","return function(volume, dims) {","  function f(i,j,k) {","    return volume[i + dims[0] * (j + dims[1] * k)];","  }","  //Sweep over 3-axes","  var vertices = [], faces = [];","  for(var d=0; d<3; ++d) {","    var i, j, k","      , u = (d+1)%3   //u and v are orthogonal directions to d","      , v = (d+2)%3","      , x = new Int32Array(3)","      , q = new Int32Array(3)","      , runs = new Int32Array(2 * (dims[u]+1))","      , frontier = new Int32Array(dims[u])  //Frontier is list of pointers to polygons","      , next_frontier = new Int32Array(dims[u])","      , left_index = new Int32Array(2 * dims[v])","      , right_index = new Int32Array(2 * dims[v])","      , stack = new Int32Array(24 * dims[v])","      , delta = [[0,0], [0,0]];","    //q points along d-direction","    q[d] = 1;","    //Initialize sentinel","    for(x[d]=-1; x[d]<dims[d]; ) {","      // --- Perform monotone polygon subdivision ---","      var n = 0","        , polygons = []","        , nf = 0;","      for(x[v]=0; x[v]<dims[v]; ++x[v]) {","        //Make one pass over the u-scan line of the volume to run-length encode polygon","        var nr = 0, p = 0, c = 0;","        for(x[u]=0; x[u]<dims[u]; ++x[u], p = c) {","          //Compute the type for this face","          var a = (0    <= x[d]      ? f(x[0],      x[1],      x[2])      : 0)","            , b = (x[d] <  dims[d]-1 ? f(x[0]+q[0], x[1]+q[1], x[2]+q[2]) : 0);","          c = a;","          if((!a) === (!b)) {","            c = 0;","          } else if(!a) {","            c = -b;","          }","          //If cell type doesn't match, start a new run","          if(p !== c) {","            runs[nr++] = x[u];","            runs[nr++] = c;","          }","        }","        //Add sentinel run","        runs[nr++] = dims[u];","        runs[nr++] = 0;","        //Update frontier by merging runs","        var fp = 0;","        for(var i=0, j=0; i<nf && j<nr-2; ) {","          var p    = polygons[frontier[i]]","            , p_l  = p.left[p.left.length-1][0]","            , p_r  = p.right[p.right.length-1][0]","            , p_c  = p.color","            , r_l  = runs[j]    //Start of run","            , r_r  = runs[j+2]  //End of run","            , r_c  = runs[j+1]; //Color of run","          //Check if we can merge run with polygon","          if(r_r > p_l && p_r > r_l && r_c === p_c) {","            //Merge run","            p.merge_run(x[v], r_l, r_r);","            //Insert polygon into frontier","            next_frontier[fp++] = frontier[i];","            ++i;","            j += 2;","          } else {","            //Check if we need to advance the run pointer","            if(r_r <= p_r) {","              if(!!r_c) {","                var n_poly = new MonotonePolygon(r_c, x[v], r_l, r_r);","                next_frontier[fp++] = polygons.length;","                polygons.push(n_poly);","              }","              j += 2;","            }","            //Check if we need to advance the frontier pointer","            if(p_r <= r_r) {","              p.close_off(x[v]);","              ++i;","            }","          }","        }","        //Close off any residual polygons","        for(; i<nf; ++i) {","          polygons[frontier[i]].close_off(x[v]);","        }","        //Add any extra runs to frontier","        for(; j<nr-2; j+=2) {","          var r_l  = runs[j]","            , r_r  = runs[j+2]","            , r_c  = runs[j+1];","          if(!!r_c) {","            var n_poly = new MonotonePolygon(r_c, x[v], r_l, r_r);","            next_frontier[fp++] = polygons.length;","            polygons.push(n_poly);","          }","        }","        //Swap frontiers","        var tmp = next_frontier;","        next_frontier = frontier;","        frontier = tmp;","        nf = fp;","      }","      //Close off frontier","      for(var i=0; i<nf; ++i) {","        var p = polygons[frontier[i]];","        p.close_off(dims[v]);","      }","      // --- Monotone subdivision of polygon is complete at this point ---","      ","      x[d]++;","      ","      //Now we just need to triangulate each monotone polygon","      for(var i=0; i<polygons.length; ++i) {","        var p = polygons[i]","          , c = p.color","          , flipped = false;","        if(c < 0) {","          flipped = true;","          c = -c;","        }","        for(var j=0; j<p.left.length; ++j) {","          left_index[j] = vertices.length;","          var y = [0.0,0.0,0.0]","            , z = p.left[j];","          y[d] = x[d];","          y[u] = z[0];","          y[v] = z[1];","          vertices.push(y);","        }","        for(var j=0; j<p.right.length; ++j) {","          right_index[j] = vertices.length;","          var y = [0.0,0.0,0.0]","            , z = p.right[j];","          y[d] = x[d];","          y[u] = z[0];","          y[v] = z[1];","          vertices.push(y);","        }","        //Triangulate the monotone polygon","        var bottom = 0","          , top = 0","          , l_i = 1","          , r_i = 1","          , side = true;  //true = right, false = left","        ","        stack[top++] = left_index[0];","        stack[top++] = p.left[0][0];","        stack[top++] = p.left[0][1];","        ","        stack[top++] = right_index[0];","        stack[top++] = p.right[0][0];","        stack[top++] = p.right[0][1];","        ","        while(l_i < p.left.length || r_i < p.right.length) {","          //Compute next side","          var n_side = false;","          if(l_i === p.left.length) {","            n_side = true;","          } else if(r_i !== p.right.length) {","            var l = p.left[l_i]","              , r = p.right[r_i];","            n_side = l[1] > r[1];","          }","          var idx = n_side ? right_index[r_i] : left_index[l_i]","            , vert = n_side ? p.right[r_i] : p.left[l_i];","          if(n_side !== side) {","            //Opposite side","            while(bottom+3 < top) {","              if(flipped === n_side) {","                faces.push([ stack[bottom], stack[bottom+3], idx, c]);","              } else {","                faces.push([ stack[bottom+3], stack[bottom], idx, c]);              ","              }","              bottom += 3;","            }","          } else {","            //Same side","            while(bottom+3 < top) {","              //Compute convexity","              for(var j=0; j<2; ++j)","              for(var k=0; k<2; ++k) {","                delta[j][k] = stack[top-3*(j+1)+k+1] - vert[k];","              }","              var det = delta[0][0] * delta[1][1] - delta[1][0] * delta[0][1];","              if(n_side === (det > 0)) {","                break;","              }","              if(det !== 0) {","                if(flipped === n_side) {","                  faces.push([ stack[top-3], stack[top-6], idx, c ]);","                } else {","                  faces.push([ stack[top-6], stack[top-3], idx, c ]);","                }","              }","              top -= 3;","            }","          }","          //Push vertex","          stack[top++] = idx;","          stack[top++] = vert[0];","          stack[top++] = vert[1];","          //Update loop index","          if(n_side) {","            ++r_i;","          } else {","            ++l_i;","          }","          side = n_side;","        }","      }","    }","  }","  return { vertices:vertices, faces:faces };","}","})();","","if(exports) {","  exports.mesher = MonotoneMesh;","}","","});","","require.define(\"/meshers/stupid.js\",function(require,module,exports,__dirname,__filename,process,global){//The stupidest possible way to generate a Minecraft mesh (I think)","function StupidMesh(volume, dims) {","  var vertices = [], faces = [], x = [0,0,0], n = 0;","  for(x[2]=0; x[2]<dims[2]; ++x[2])","  for(x[1]=0; x[1]<dims[1]; ++x[1])","  for(x[0]=0; x[0]<dims[0]; ++x[0], ++n)","  if(!!volume[n]) {","    for(var d=0; d<3; ++d) {","      var t = [x[0], x[1], x[2]]","        , u = [0,0,0]","        , v = [0,0,0];","      u[(d+1)%3] = 1;","      v[(d+2)%3] = 1;","      for(var s=0; s<2; ++s) {","        t[d] = x[d] + s;","        var tmp = u;","        u = v;","        v = tmp;","        var vertex_count = vertices.length;","        vertices.push([t[0],           t[1],           t[2]          ]);","        vertices.push([t[0]+u[0],      t[1]+u[1],      t[2]+u[2]     ]);","        vertices.push([t[0]+u[0]+v[0], t[1]+u[1]+v[1], t[2]+u[2]+v[2]]);","        vertices.push([t[0]     +v[0], t[1]     +v[1], t[2]     +v[2]]);","        faces.push([vertex_count, vertex_count+1, vertex_count+2, vertex_count+3, volume[n]]);","      }","    }","  }","  return { vertices:vertices, faces:faces };","}","","","if(exports) {","  exports.mesher = StupidMesh;","}","","});","","require.define(\"/test.js\",function(require,module,exports,__dirname,__filename,process,global){voxel = require('./')","});","require(\"/test.js\");","})();","",""],"l":{"1":1,"2":6,"3":6,"4":6,"7":6,"8":6,"9":6,"12":1,"13":1,"14":1,"15":1,"17":1,"25":1,"26":1,"27":11,"29":11,"30":11,"31":11,"32":11,"34":11,"35":11,"37":11,"40":0,"41":0,"43":0,"45":1,"46":13,"47":13,"48":3,"51":10,"52":14,"53":14,"57":1,"58":2,"59":2,"60":2,"61":2,"62":2,"63":2,"64":0,"65":0,"67":2,"68":0,"69":0,"71":2,"72":2,"73":2,"77":0,"80":1,"81":0,"82":0,"83":0,"84":0,"85":0,"86":0,"87":0,"90":0,"91":0,"94":1,"95":0,"96":0,"97":0,"99":0,"100":0,"101":0,"102":0,"103":0,"106":0,"111":1,"112":0,"113":0,"114":0,"115":0,"118":0,"120":0,"122":0,"123":0,"124":0,"125":0,"128":0,"129":0,"130":0,"131":0,"132":0,"134":0,"135":0,"140":1,"141":1,"142":1,"143":1,"145":1,"146":9,"147":1,"148":1,"151":9,"156":9,"157":5,"158":5,"160":5,"161":5,"164":5,"166":9,"167":0,"169":9,"170":9,"171":9,"172":9,"180":9,"181":28,"182":28,"192":28,"193":28,"199":1,"200":41,"201":41,"202":150,"204":41,"211":1,"213":41,"214":41,"215":93,"216":93,"217":12,"218":81,"219":0,"220":0,"221":81,"222":0,"223":0,"228":41,"229":0,"230":0,"234":41,"239":19,"243":19,"244":26,"247":26,"248":68,"253":68,"254":28,"257":40,"258":40,"265":26,"266":112,"269":26,"274":19,"275":15,"279":15,"280":38,"283":15,"284":0,"286":15,"287":0,"290":15,"295":19,"296":0,"297":0,"298":0,"303":19,"304":8,"305":8,"306":8,"308":1,"309":7,"312":3,"315":4,"320":19,"321":0,"323":0,"324":0,"326":0,"330":19,"331":0,"336":1,"338":1,"339":1,"341":1,"345":1,"346":0,"349":1,"350":0,"351":0,"352":0,"353":0,"354":0,"355":0,"356":0,"361":0,"362":0,"363":0,"367":1,"368":0,"372":1,"373":1,"374":1,"375":1,"377":1,"378":0,"379":0,"382":1,"383":1,"384":1,"385":2,"386":1,"387":0,"388":0,"394":2,"397":1,"404":1,"405":1,"406":1,"409":1,"410":0,"413":0,"414":0,"415":0,"416":0,"418":0,"422":1,"423":0,"426":1,"427":0,"430":1,"431":0,"434":1,"435":0,"438":1,"439":0,"442":1,"443":0,"446":1,"447":0,"448":0,"449":0,"451":0,"452":0,"454":0,"455":0,"456":0,"458":0,"459":0,"461":0,"465":1,"466":0,"480":1,"481":1,"483":0,"484":0,"485":0,"486":0,"487":0,"490":0,"497":0,"498":0,"499":0,"501":0,"507":0,"508":0,"509":0,"510":0,"513":0,"515":0,"516":0,"517":0,"518":0,"519":0,"520":0,"523":0,"527":1,"528":1,"533":1,"535":1,"537":1,"538":1,"539":0,"542":0,"543":0,"544":0,"549":0,"550":0,"552":0,"553":0,"555":0,"556":0,"557":0,"558":0,"560":0,"561":0,"562":0,"563":0,"565":0,"569":0,"571":0,"572":0,"573":0,"574":0,"575":0,"577":0,"580":0,"581":0,"582":0,"583":0,"584":0,"585":0,"588":0,"589":0,"593":0,"594":0,"596":0,"597":0,"598":0,"600":0,"601":0,"602":0,"604":0,"605":0,"606":0,"607":0,"608":0,"609":0,"612":0,"613":0,"614":0,"617":0,"619":0,"624":0,"628":1,"629":1,"634":1,"636":1,"638":1,"639":0,"640":0,"641":0,"644":1,"645":0,"646":0,"649":1,"650":0,"652":0,"653":0,"654":0,"656":0,"657":0,"658":0,"663":1,"664":1,"665":0,"668":0,"669":0,"670":0,"683":0,"685":0,"687":0,"690":0,"692":0,"693":0,"695":0,"697":0,"698":0,"699":0,"700":0,"701":0,"704":0,"705":0,"706":0,"710":0,"711":0,"713":0,"714":0,"715":0,"723":0,"725":0,"727":0,"728":0,"729":0,"732":0,"733":0,"734":0,"735":0,"736":0,"738":0,"741":0,"742":0,"743":0,"748":0,"749":0,"752":0,"753":0,"756":0,"757":0,"758":0,"759":0,"763":0,"764":0,"765":0,"766":0,"769":0,"770":0,"771":0,"775":0,"778":0,"779":0,"782":0,"783":0,"784":0,"786":0,"787":0,"788":0,"790":0,"791":0,"792":0,"793":0,"795":0,"796":0,"797":0,"799":0,"800":0,"801":0,"802":0,"805":0,"811":0,"812":0,"813":0,"815":0,"816":0,"817":0,"819":0,"821":0,"822":0,"823":0,"824":0,"825":0,"827":0,"829":0,"831":0,"833":0,"834":0,"835":0,"837":0,"839":0,"843":0,"845":0,"846":0,"847":0,"849":0,"850":0,"851":0,"853":0,"854":0,"855":0,"857":0,"860":0,"864":0,"865":0,"866":0,"868":0,"869":0,"871":0,"873":0,"878":0,"882":1,"883":1,"888":1,"889":1,"890":0,"891":0,"892":0,"893":0,"894":0,"895":0,"896":0,"899":0,"900":0,"901":0,"902":0,"903":0,"904":0,"905":0,"906":0,"907":0,"908":0,"909":0,"910":0,"911":0,"915":0,"919":1,"920":1,"925":1,"927":1}}}